"path-000", "Ult(And(CombineMulti(0x1,gpa_B1,gpa_B2,gpa_B3,),0x7),0x1)",
"path-001", "Ugt(And(CombineMulti(0x1,gpa_B1,gpa_B2,gpa_B3,),0x7),0x4)",
"path-003", "Uge(And(CombineMulti(0x1,gpa_B1,gpa_B2,gpa_B3,),0x7),0x5)",
"path-004", "Equal(Sub(And(CombineMulti(0x1,gpa_B1,gpa_B2,gpa_B3,),0x7),0x4))",
"path-005", "Equal(Sub(And(CombineMulti(0x1,gpa_B1,gpa_B2,gpa_B3,),0x7),0x3))",
"path-006", "Equal(Sub(And(CombineMulti(0x1,gpa_B1,gpa_B2,gpa_B3,),0x7),0x2))",
"path-007", "Equal(And(Extract(And(Or(epte,Shl(0x1,0xb)),Not(Shl(0x1,0x34))),1,2),0x8))",
"path-008", "Equal(And(Add(0xffffa00200108000,Mul(CombineMulti(And(LShr(Extract(And(CombineMulti(0x1,gpa_B1,gpa_B2,gpa_B3,gpa_B4_7,),0xffffffffff000),0,4),0x15),0x1ff),0x0,0x0,0x0,0x0,),0x8)),Add(0xffffa00200108000,Mul(CombineMulti(And(LShr(Extract(And(CombineMulti(0x1,gpa_B1,gpa_B2,gpa_B3,gpa_B4_7,),0xffffffffff000),0,4),0x15),0x1ff),0x0,0x0,0x0,0x0,),0x8))))",
"path-009", "Ugt(Extract(Sub(LShr(Sub(Add(0xffffa00200108000,Mul(CombineMulti(And(LShr(Extract(And(CombineMulti(0x1,gpa_B1,gpa_B2,gpa_B3,gpa_B4_7,),0xffffffffff000),0,4),0x15),0x1ff),0x0,0x0,0x0,0x0,),0x8)),0xffffa00200000000),0xc),0x100),0,2),0x5d)",
"path-010", "Equal(Sub(Extract(Sub(LShr(Sub(Add(0xffffa00200108000,Mul(CombineMulti(And(LShr(Extract(And(CombineMulti(0x1,gpa_B1,gpa_B2,gpa_B3,gpa_B4_7,),0xffffffffff000),0,4),0x15),0x1ff),0x0,0x0,0x0,0x0,),0x8)),0xffffa00200000000),0xc),0x100),0,2),0x0))",
"path-011", "Equal(Sub(Extract(Sub(LShr(Sub(Add(0xffffa00200108000,Mul(CombineMulti(And(LShr(Extract(And(CombineMulti(0x1,gpa_B1,gpa_B2,gpa_B3,gpa_B4_7,),0xffffffffff000),0,4),0x15),0x1ff),0x0,0x0,0x0,0x0,),0x8)),0xffffa00200000000),0xc),0x100),0,2),0x1))",
"path-012", "Equal(Sub(Extract(Sub(LShr(Sub(Add(0xffffa00200108000,Mul(CombineMulti(And(LShr(Extract(And(CombineMulti(0x1,gpa_B1,gpa_B2,gpa_B3,gpa_B4_7,),0xffffffffff000),0,4),0x15),0x1ff),0x0,0x0,0x0,0x0,),0x8)),0xffffa00200000000),0xc),0x100),0,2),0x2))",
"path-014", "Equal(And(Extract(And(Or(epte,Shl(0x1,0xb)),Not(Shl(0x1,0x34))),1,2),0x8))",
"path-015", "Equal(And(Add(0xffffa00200108000,Mul(CombineMulti(And(LShr(Extract(And(CombineMulti(0x1,gpa_B1,gpa_B2,gpa_B3,gpa_B4_7,),0xffffffffff000),0,4),0x15),0x1ff),0x0,0x0,0x0,0x0,),0x8)),Add(0xffffa00200108000,Mul(CombineMulti(And(LShr(Extract(And(CombineMulti(0x1,gpa_B1,gpa_B2,gpa_B3,gpa_B4_7,),0xffffffffff000),0,4),0x15),0x1ff),0x0,0x0,0x0,0x0,),0x8))))",
"path-016", "Ugt(Extract(Sub(LShr(Sub(Add(0xffffa00200108000,Mul(CombineMulti(And(LShr(Extract(And(CombineMulti(0x1,gpa_B1,gpa_B2,gpa_B3,gpa_B4_7,),0xffffffffff000),0,4),0x15),0x1ff),0x0,0x0,0x0,0x0,),0x8)),0xffffa00200000000),0xc),0x100),0,2),0x5d)",
"path-017", "Equal(Sub(Extract(Sub(LShr(Sub(Add(0xffffa00200108000,Mul(CombineMulti(And(LShr(Extract(And(CombineMulti(0x1,gpa_B1,gpa_B2,gpa_B3,gpa_B4_7,),0xffffffffff000),0,4),0x15),0x1ff),0x0,0x0,0x0,0x0,),0x8)),0xffffa00200000000),0xc),0x100),0,2),0x0))",
"path-018", "Equal(Sub(Extract(Sub(LShr(Sub(Add(0xffffa00200108000,Mul(CombineMulti(And(LShr(Extract(And(CombineMulti(0x1,gpa_B1,gpa_B2,gpa_B3,gpa_B4_7,),0xffffffffff000),0,4),0x15),0x1ff),0x0,0x0,0x0,0x0,),0x8)),0xffffa00200000000),0xc),0x100),0,2),0x1))",
"path-019", "Equal(Sub(Extract(Sub(LShr(Sub(Add(0xffffa00200108000,Mul(CombineMulti(And(LShr(Extract(And(CombineMulti(0x1,gpa_B1,gpa_B2,gpa_B3,gpa_B4_7,),0xffffffffff000),0,4),0x15),0x1ff),0x0,0x0,0x0,0x0,),0x8)),0xffffa00200000000),0xc),0x100),0,2),0x2))",
"path-021", "Equal(And(Extract(And(Or(epte,Shl(0x1,0xb)),Not(Shl(0x1,0x34))),1,2),0x8))",
"path-022", "Equal(And(Add(0xffffa00200108000,Mul(CombineMulti(And(LShr(Extract(And(CombineMulti(0x1,gpa_B1,gpa_B2,gpa_B3,gpa_B4_7,),0xffffffffff000),0,4),0x15),0x1ff),0x0,0x0,0x0,0x0,),0x8)),Add(0xffffa00200108000,Mul(CombineMulti(And(LShr(Extract(And(CombineMulti(0x1,gpa_B1,gpa_B2,gpa_B3,gpa_B4_7,),0xffffffffff000),0,4),0x15),0x1ff),0x0,0x0,0x0,0x0,),0x8))))",
"path-023", "Ugt(Extract(Sub(LShr(Sub(Add(0xffffa00200108000,Mul(CombineMulti(And(LShr(Extract(And(CombineMulti(0x1,gpa_B1,gpa_B2,gpa_B3,gpa_B4_7,),0xffffffffff000),0,4),0x15),0x1ff),0x0,0x0,0x0,0x0,),0x8)),0xffffa00200000000),0xc),0x100),0,2),0x5d)",
"path-024", "Equal(Sub(Extract(Sub(LShr(Sub(Add(0xffffa00200108000,Mul(CombineMulti(And(LShr(Extract(And(CombineMulti(0x1,gpa_B1,gpa_B2,gpa_B3,gpa_B4_7,),0xffffffffff000),0,4),0x15),0x1ff),0x0,0x0,0x0,0x0,),0x8)),0xffffa00200000000),0xc),0x100),0,2),0x0))",
"path-025", "Equal(Sub(Extract(Sub(LShr(Sub(Add(0xffffa00200108000,Mul(CombineMulti(And(LShr(Extract(And(CombineMulti(0x1,gpa_B1,gpa_B2,gpa_B3,gpa_B4_7,),0xffffffffff000),0,4),0x15),0x1ff),0x0,0x0,0x0,0x0,),0x8)),0xffffa00200000000),0xc),0x100),0,2),0x1))",
"path-026", "Equal(Sub(Extract(Sub(LShr(Sub(Add(0xffffa00200108000,Mul(CombineMulti(And(LShr(Extract(And(CombineMulti(0x1,gpa_B1,gpa_B2,gpa_B3,gpa_B4_7,),0xffffffffff000),0,4),0x15),0x1ff),0x0,0x0,0x0,0x0,),0x8)),0xffffa00200000000),0xc),0x100),0,2),0x2))",
"path-028", "Equal(And(Extract(And(Or(epte,Shl(0x1,0xb)),Not(Shl(0x1,0x34))),1,2),0x8))",
"path-029", "Equal(And(Add(0xffffa00200108000,Mul(CombineMulti(And(LShr(Extract(And(CombineMulti(0x1,gpa_B1,gpa_B2,gpa_B3,gpa_B4_7,),0xffffffffff000),0,4),0x15),0x1ff),0x0,0x0,0x0,0x0,),0x8)),Add(0xffffa00200108000,Mul(CombineMulti(And(LShr(Extract(And(CombineMulti(0x1,gpa_B1,gpa_B2,gpa_B3,gpa_B4_7,),0xffffffffff000),0,4),0x15),0x1ff),0x0,0x0,0x0,0x0,),0x8))))",
"path-030", "Ugt(Extract(Sub(LShr(Sub(Add(0xffffa00200108000,Mul(CombineMulti(And(LShr(Extract(And(CombineMulti(0x1,gpa_B1,gpa_B2,gpa_B3,gpa_B4_7,),0xffffffffff000),0,4),0x15),0x1ff),0x0,0x0,0x0,0x0,),0x8)),0xffffa00200000000),0xc),0x100),0,2),0x5d)",
"path-031", "Equal(Sub(Extract(Sub(LShr(Sub(Add(0xffffa00200108000,Mul(CombineMulti(And(LShr(Extract(And(CombineMulti(0x1,gpa_B1,gpa_B2,gpa_B3,gpa_B4_7,),0xffffffffff000),0,4),0x15),0x1ff),0x0,0x0,0x0,0x0,),0x8)),0xffffa00200000000),0xc),0x100),0,2),0x0))",
"path-032", "Equal(Sub(Extract(Sub(LShr(Sub(Add(0xffffa00200108000,Mul(CombineMulti(And(LShr(Extract(And(CombineMulti(0x1,gpa_B1,gpa_B2,gpa_B3,gpa_B4_7,),0xffffffffff000),0,4),0x15),0x1ff),0x0,0x0,0x0,0x0,),0x8)),0xffffa00200000000),0xc),0x100),0,2),0x1))",
"path-033", "Equal(Sub(Extract(Sub(LShr(Sub(Add(0xffffa00200108000,Mul(CombineMulti(And(LShr(Extract(And(CombineMulti(0x1,gpa_B1,gpa_B2,gpa_B3,gpa_B4_7,),0xffffffffff000),0,4),0x15),0x1ff),0x0,0x0,0x0,0x0,),0x8)),0xffffa00200000000),0xc),0x100),0,2),0x2))",
"path-035", "Equal(And(Extract(And(Or(epte,Shl(0x1,0xb)),Not(Shl(0x1,0x34))),1,2),0x8))",
"path-036", "Equal(And(Add(0xffffa00200108000,Mul(CombineMulti(And(LShr(Extract(And(CombineMulti(0x1,gpa_B1,gpa_B2,gpa_B3,gpa_B4_7,),0xffffffffff000),0,4),0x15),0x1ff),0x0,0x0,0x0,0x0,),0x8)),Add(0xffffa00200108000,Mul(CombineMulti(And(LShr(Extract(And(CombineMulti(0x1,gpa_B1,gpa_B2,gpa_B3,gpa_B4_7,),0xffffffffff000),0,4),0x15),0x1ff),0x0,0x0,0x0,0x0,),0x8))))",
"path-037", "Ugt(Extract(Sub(LShr(Sub(Add(0xffffa00200108000,Mul(CombineMulti(And(LShr(Extract(And(CombineMulti(0x1,gpa_B1,gpa_B2,gpa_B3,gpa_B4_7,),0xffffffffff000),0,4),0x15),0x1ff),0x0,0x0,0x0,0x0,),0x8)),0xffffa00200000000),0xc),0x100),0,2),0x5d)",
"path-038", "Equal(Sub(Extract(Sub(LShr(Sub(Add(0xffffa00200108000,Mul(CombineMulti(And(LShr(Extract(And(CombineMulti(0x1,gpa_B1,gpa_B2,gpa_B3,gpa_B4_7,),0xffffffffff000),0,4),0x15),0x1ff),0x0,0x0,0x0,0x0,),0x8)),0xffffa00200000000),0xc),0x100),0,2),0x0))",
"path-039", "Equal(Sub(Extract(Sub(LShr(Sub(Add(0xffffa00200108000,Mul(CombineMulti(And(LShr(Extract(And(CombineMulti(0x1,gpa_B1,gpa_B2,gpa_B3,gpa_B4_7,),0xffffffffff000),0,4),0x15),0x1ff),0x0,0x0,0x0,0x0,),0x8)),0xffffa00200000000),0xc),0x100),0,2),0x1))",
"path-040", "Equal(Sub(Extract(Sub(LShr(Sub(Add(0xffffa00200108000,Mul(CombineMulti(And(LShr(Extract(And(CombineMulti(0x1,gpa_B1,gpa_B2,gpa_B3,gpa_B4_7,),0xffffffffff000),0,4),0x15),0x1ff),0x0,0x0,0x0,0x0,),0x8)),0xffffa00200000000),0xc),0x100),0,2),0x2))",
"path-042", "LNot(Distinct(Sub(And(0x1e00000000002c0,And(Or(epte,Shl(0x1,0xb)),Not(Shl(0x1,0x34)))),0xe0000000000000)))",
"path-043", "Equal(And(Add(0xffffa00200108000,Mul(CombineMulti(And(LShr(Extract(And(CombineMulti(0x1,gpa_B1,gpa_B2,gpa_B3,gpa_B4_7,),0xffffffffff000),0,4),0x15),0x1ff),0x0,0x0,0x0,0x0,),0x8)),Add(0xffffa00200108000,Mul(CombineMulti(And(LShr(Extract(And(CombineMulti(0x1,gpa_B1,gpa_B2,gpa_B3,gpa_B4_7,),0xffffffffff000),0,4),0x15),0x1ff),0x0,0x0,0x0,0x0,),0x8))))",
"path-044", "Ugt(Extract(Sub(LShr(Sub(Add(0xffffa00200108000,Mul(CombineMulti(And(LShr(Extract(And(CombineMulti(0x1,gpa_B1,gpa_B2,gpa_B3,gpa_B4_7,),0xffffffffff000),0,4),0x15),0x1ff),0x0,0x0,0x0,0x0,),0x8)),0xffffa00200000000),0xc),0x100),0,2),0x5d)",
"path-045", "Equal(Sub(Extract(Sub(LShr(Sub(Add(0xffffa00200108000,Mul(CombineMulti(And(LShr(Extract(And(CombineMulti(0x1,gpa_B1,gpa_B2,gpa_B3,gpa_B4_7,),0xffffffffff000),0,4),0x15),0x1ff),0x0,0x0,0x0,0x0,),0x8)),0xffffa00200000000),0xc),0x100),0,2),0x0))",
"path-046", "Equal(Sub(Extract(Sub(LShr(Sub(Add(0xffffa00200108000,Mul(CombineMulti(And(LShr(Extract(And(CombineMulti(0x1,gpa_B1,gpa_B2,gpa_B3,gpa_B4_7,),0xffffffffff000),0,4),0x15),0x1ff),0x0,0x0,0x0,0x0,),0x8)),0xffffa00200000000),0xc),0x100),0,2),0x1))",
"path-047", "Equal(Sub(Extract(Sub(LShr(Sub(Add(0xffffa00200108000,Mul(CombineMulti(And(LShr(Extract(And(CombineMulti(0x1,gpa_B1,gpa_B2,gpa_B3,gpa_B4_7,),0xffffffffff000),0,4),0x15),0x1ff),0x0,0x0,0x0,0x0,),0x8)),0xffffa00200000000),0xc),0x100),0,2),0x2))",
"path-048", "Equal(Sub(Extract(ZeroEXT(Extract(Sub(LShr(Sub(Add(0xffffa00200108000,Mul(CombineMulti(And(LShr(Extract(And(CombineMulti(0x1,gpa_B1,gpa_B2,gpa_B3,gpa_B4_7,),0xffffffffff000),0,4),0x15),0x1ff),0x0,0x0,0x0,0x0,),0x8)),0xffffa00200000000),0xc),0x100),0,2)),0,2),0xffffffffffffffff))",
"path-050", "Equal(And(Add(0xffffa00200108000,Mul(CombineMulti(And(LShr(Extract(And(CombineMulti(0x1,gpa_B1,gpa_B2,gpa_B3,gpa_B4_7,),0xffffffffff000),0,4),0x15),0x1ff),0x0,0x0,0x0,0x0,),0x8)),Add(0xffffa00200108000,Mul(CombineMulti(And(LShr(Extract(And(CombineMulti(0x1,gpa_B1,gpa_B2,gpa_B3,gpa_B4_7,),0xffffffffff000),0,4),0x15),0x1ff),0x0,0x0,0x0,0x0,),0x8))))",
"path-051", "Ugt(Extract(Sub(LShr(Sub(Add(0xffffa00200108000,Mul(CombineMulti(And(LShr(Extract(And(CombineMulti(0x1,gpa_B1,gpa_B2,gpa_B3,gpa_B4_7,),0xffffffffff000),0,4),0x15),0x1ff),0x0,0x0,0x0,0x0,),0x8)),0xffffa00200000000),0xc),0x100),0,2),0x5d)",
"path-052", "Equal(Sub(Extract(Sub(LShr(Sub(Add(0xffffa00200108000,Mul(CombineMulti(And(LShr(Extract(And(CombineMulti(0x1,gpa_B1,gpa_B2,gpa_B3,gpa_B4_7,),0xffffffffff000),0,4),0x15),0x1ff),0x0,0x0,0x0,0x0,),0x8)),0xffffa00200000000),0xc),0x100),0,2),0x0))",
"path-053", "Equal(Sub(Extract(Sub(LShr(Sub(Add(0xffffa00200108000,Mul(CombineMulti(And(LShr(Extract(And(CombineMulti(0x1,gpa_B1,gpa_B2,gpa_B3,gpa_B4_7,),0xffffffffff000),0,4),0x15),0x1ff),0x0,0x0,0x0,0x0,),0x8)),0xffffa00200000000),0xc),0x100),0,2),0x1))",
"path-054", "Equal(Sub(Extract(Sub(LShr(Sub(Add(0xffffa00200108000,Mul(CombineMulti(And(LShr(Extract(And(CombineMulti(0x1,gpa_B1,gpa_B2,gpa_B3,gpa_B4_7,),0xffffffffff000),0,4),0x15),0x1ff),0x0,0x0,0x0,0x0,),0x8)),0xffffa00200000000),0xc),0x100),0,2),0x2))",
"path-056", "Equal(And(Add(0xffffa00200108000,Mul(CombineMulti(And(LShr(Extract(And(CombineMulti(0x1,gpa_B1,gpa_B2,gpa_B3,gpa_B4_7,),0xffffffffff000),0,4),0x15),0x1ff),0x0,0x0,0x0,0x0,),0x8)),Add(0xffffa00200108000,Mul(CombineMulti(And(LShr(Extract(And(CombineMulti(0x1,gpa_B1,gpa_B2,gpa_B3,gpa_B4_7,),0xffffffffff000),0,4),0x15),0x1ff),0x0,0x0,0x0,0x0,),0x8))))",
"path-057", "Ugt(Extract(Sub(LShr(Sub(Add(0xffffa00200108000,Mul(CombineMulti(And(LShr(Extract(And(CombineMulti(0x1,gpa_B1,gpa_B2,gpa_B3,gpa_B4_7,),0xffffffffff000),0,4),0x15),0x1ff),0x0,0x0,0x0,0x0,),0x8)),0xffffa00200000000),0xc),0x100),0,2),0x5d)",
"path-058", "Equal(Sub(Extract(Sub(LShr(Sub(Add(0xffffa00200108000,Mul(CombineMulti(And(LShr(Extract(And(CombineMulti(0x1,gpa_B1,gpa_B2,gpa_B3,gpa_B4_7,),0xffffffffff000),0,4),0x15),0x1ff),0x0,0x0,0x0,0x0,),0x8)),0xffffa00200000000),0xc),0x100),0,2),0x0))",
"path-059", "Equal(Sub(Extract(Sub(LShr(Sub(Add(0xffffa00200108000,Mul(CombineMulti(And(LShr(Extract(And(CombineMulti(0x1,gpa_B1,gpa_B2,gpa_B3,gpa_B4_7,),0xffffffffff000),0,4),0x15),0x1ff),0x0,0x0,0x0,0x0,),0x8)),0xffffa00200000000),0xc),0x100),0,2),0x1))",
"path-060", "Equal(Sub(Extract(Sub(LShr(Sub(Add(0xffffa00200108000,Mul(CombineMulti(And(LShr(Extract(And(CombineMulti(0x1,gpa_B1,gpa_B2,gpa_B3,gpa_B4_7,),0xffffffffff000),0,4),0x15),0x1ff),0x0,0x0,0x0,0x0,),0x8)),0xffffa00200000000),0xc),0x100),0,2),0x2))",
"path-062", "Equal(And(Add(0xffffa00200108000,Mul(CombineMulti(And(LShr(Extract(And(CombineMulti(0x1,gpa_B1,gpa_B2,gpa_B3,gpa_B4_7,),0xffffffffff000),0,4),0x15),0x1ff),0x0,0x0,0x0,0x0,),0x8)),Add(0xffffa00200108000,Mul(CombineMulti(And(LShr(Extract(And(CombineMulti(0x1,gpa_B1,gpa_B2,gpa_B3,gpa_B4_7,),0xffffffffff000),0,4),0x15),0x1ff),0x0,0x0,0x0,0x0,),0x8))))",
"path-063", "Ugt(Extract(Sub(LShr(Sub(Add(0xffffa00200108000,Mul(CombineMulti(And(LShr(Extract(And(CombineMulti(0x1,gpa_B1,gpa_B2,gpa_B3,gpa_B4_7,),0xffffffffff000),0,4),0x15),0x1ff),0x0,0x0,0x0,0x0,),0x8)),0xffffa00200000000),0xc),0x100),0,2),0x5d)",
"path-064", "Equal(Sub(Extract(Sub(LShr(Sub(Add(0xffffa00200108000,Mul(CombineMulti(And(LShr(Extract(And(CombineMulti(0x1,gpa_B1,gpa_B2,gpa_B3,gpa_B4_7,),0xffffffffff000),0,4),0x15),0x1ff),0x0,0x0,0x0,0x0,),0x8)),0xffffa00200000000),0xc),0x100),0,2),0x0))",
"path-065", "Equal(Sub(Extract(Sub(LShr(Sub(Add(0xffffa00200108000,Mul(CombineMulti(And(LShr(Extract(And(CombineMulti(0x1,gpa_B1,gpa_B2,gpa_B3,gpa_B4_7,),0xffffffffff000),0,4),0x15),0x1ff),0x0,0x0,0x0,0x0,),0x8)),0xffffa00200000000),0xc),0x100),0,2),0x1))",
"path-066", "Equal(Sub(Extract(Sub(LShr(Sub(Add(0xffffa00200108000,Mul(CombineMulti(And(LShr(Extract(And(CombineMulti(0x1,gpa_B1,gpa_B2,gpa_B3,gpa_B4_7,),0xffffffffff000),0,4),0x15),0x1ff),0x0,0x0,0x0,0x0,),0x8)),0xffffa00200000000),0xc),0x100),0,2),0x2))",
"path-068", "LNot(Equal(Sub(0x1,And(CombineMulti(0x1,gpa_B1,gpa_B2,gpa_B3,),0x7))))",
"path-069", "LNot(Equal(Sub(And(CombineMulti(0x1,gpa_B1,gpa_B2,gpa_B3,),0x7),0x1)))",
"path-070", "Uge(And(CombineMulti(0x1,gpa_B1,gpa_B2,gpa_B3,),0x7),0x5)",
"path-071", "Equal(Sub(And(CombineMulti(0x1,gpa_B1,gpa_B2,gpa_B3,),0x7),0x4))",
"path-072", "Equal(Sub(And(CombineMulti(0x1,gpa_B1,gpa_B2,gpa_B3,),0x7),0x3))",
"path-073", "Equal(Sub(And(CombineMulti(0x1,gpa_B1,gpa_B2,gpa_B3,),0x7),0x2))",
"path-074", "Equal(And(Extract(And(Or(epte,Shl(0x1,0xb)),Not(Shl(0x1,0x34))),1,2),0x8))",
"path-075", "Equal(And(Add(0xffffa00200108000,Mul(CombineMulti(And(LShr(Extract(And(CombineMulti(0x1,gpa_B1,gpa_B2,gpa_B3,gpa_B4_7,),0xffffffffff000),0,4),0x15),0x1ff),0x0,0x0,0x0,0x0,),0x8)),Add(0xffffa00200108000,Mul(CombineMulti(And(LShr(Extract(And(CombineMulti(0x1,gpa_B1,gpa_B2,gpa_B3,gpa_B4_7,),0xffffffffff000),0,4),0x15),0x1ff),0x0,0x0,0x0,0x0,),0x8))))",
"path-076", "Ugt(Extract(Sub(LShr(Sub(Add(0xffffa00200108000,Mul(CombineMulti(And(LShr(Extract(And(CombineMulti(0x1,gpa_B1,gpa_B2,gpa_B3,gpa_B4_7,),0xffffffffff000),0,4),0x15),0x1ff),0x0,0x0,0x0,0x0,),0x8)),0xffffa00200000000),0xc),0x100),0,2),0x5d)",
"path-077", "Equal(Sub(Extract(Sub(LShr(Sub(Add(0xffffa00200108000,Mul(CombineMulti(And(LShr(Extract(And(CombineMulti(0x1,gpa_B1,gpa_B2,gpa_B3,gpa_B4_7,),0xffffffffff000),0,4),0x15),0x1ff),0x0,0x0,0x0,0x0,),0x8)),0xffffa00200000000),0xc),0x100),0,2),0x0))",
"path-078", "Equal(Sub(Extract(Sub(LShr(Sub(Add(0xffffa00200108000,Mul(CombineMulti(And(LShr(Extract(And(CombineMulti(0x1,gpa_B1,gpa_B2,gpa_B3,gpa_B4_7,),0xffffffffff000),0,4),0x15),0x1ff),0x0,0x0,0x0,0x0,),0x8)),0xffffa00200000000),0xc),0x100),0,2),0x1))",
"path-079", "Equal(Sub(Extract(Sub(LShr(Sub(Add(0xffffa00200108000,Mul(CombineMulti(And(LShr(Extract(And(CombineMulti(0x1,gpa_B1,gpa_B2,gpa_B3,gpa_B4_7,),0xffffffffff000),0,4),0x15),0x1ff),0x0,0x0,0x0,0x0,),0x8)),0xffffa00200000000),0xc),0x100),0,2),0x2))",
"path-081", "Equal(And(Extract(And(Or(epte,Shl(0x1,0xb)),Not(Shl(0x1,0x34))),1,2),0x8))",
"path-082", "Equal(And(Add(0xffffa00200108000,Mul(CombineMulti(And(LShr(Extract(And(CombineMulti(0x1,gpa_B1,gpa_B2,gpa_B3,gpa_B4_7,),0xffffffffff000),0,4),0x15),0x1ff),0x0,0x0,0x0,0x0,),0x8)),Add(0xffffa00200108000,Mul(CombineMulti(And(LShr(Extract(And(CombineMulti(0x1,gpa_B1,gpa_B2,gpa_B3,gpa_B4_7,),0xffffffffff000),0,4),0x15),0x1ff),0x0,0x0,0x0,0x0,),0x8))))",
"path-083", "Ugt(Extract(Sub(LShr(Sub(Add(0xffffa00200108000,Mul(CombineMulti(And(LShr(Extract(And(CombineMulti(0x1,gpa_B1,gpa_B2,gpa_B3,gpa_B4_7,),0xffffffffff000),0,4),0x15),0x1ff),0x0,0x0,0x0,0x0,),0x8)),0xffffa00200000000),0xc),0x100),0,2),0x5d)",
"path-084", "Equal(Sub(Extract(Sub(LShr(Sub(Add(0xffffa00200108000,Mul(CombineMulti(And(LShr(Extract(And(CombineMulti(0x1,gpa_B1,gpa_B2,gpa_B3,gpa_B4_7,),0xffffffffff000),0,4),0x15),0x1ff),0x0,0x0,0x0,0x0,),0x8)),0xffffa00200000000),0xc),0x100),0,2),0x0))",
"path-085", "Equal(Sub(Extract(Sub(LShr(Sub(Add(0xffffa00200108000,Mul(CombineMulti(And(LShr(Extract(And(CombineMulti(0x1,gpa_B1,gpa_B2,gpa_B3,gpa_B4_7,),0xffffffffff000),0,4),0x15),0x1ff),0x0,0x0,0x0,0x0,),0x8)),0xffffa00200000000),0xc),0x100),0,2),0x1))",
"path-086", "Equal(Sub(Extract(Sub(LShr(Sub(Add(0xffffa00200108000,Mul(CombineMulti(And(LShr(Extract(And(CombineMulti(0x1,gpa_B1,gpa_B2,gpa_B3,gpa_B4_7,),0xffffffffff000),0,4),0x15),0x1ff),0x0,0x0,0x0,0x0,),0x8)),0xffffa00200000000),0xc),0x100),0,2),0x2))",
"path-088", "Equal(And(Extract(And(Or(epte,Shl(0x1,0xb)),Not(Shl(0x1,0x34))),1,2),0x8))",
"path-089", "Equal(And(Add(0xffffa00200108000,Mul(CombineMulti(And(LShr(Extract(And(CombineMulti(0x1,gpa_B1,gpa_B2,gpa_B3,gpa_B4_7,),0xffffffffff000),0,4),0x15),0x1ff),0x0,0x0,0x0,0x0,),0x8)),Add(0xffffa00200108000,Mul(CombineMulti(And(LShr(Extract(And(CombineMulti(0x1,gpa_B1,gpa_B2,gpa_B3,gpa_B4_7,),0xffffffffff000),0,4),0x15),0x1ff),0x0,0x0,0x0,0x0,),0x8))))",
"path-090", "Ugt(Extract(Sub(LShr(Sub(Add(0xffffa00200108000,Mul(CombineMulti(And(LShr(Extract(And(CombineMulti(0x1,gpa_B1,gpa_B2,gpa_B3,gpa_B4_7,),0xffffffffff000),0,4),0x15),0x1ff),0x0,0x0,0x0,0x0,),0x8)),0xffffa00200000000),0xc),0x100),0,2),0x5d)",
"path-091", "Equal(Sub(Extract(Sub(LShr(Sub(Add(0xffffa00200108000,Mul(CombineMulti(And(LShr(Extract(And(CombineMulti(0x1,gpa_B1,gpa_B2,gpa_B3,gpa_B4_7,),0xffffffffff000),0,4),0x15),0x1ff),0x0,0x0,0x0,0x0,),0x8)),0xffffa00200000000),0xc),0x100),0,2),0x0))",
"path-092", "Equal(Sub(Extract(Sub(LShr(Sub(Add(0xffffa00200108000,Mul(CombineMulti(And(LShr(Extract(And(CombineMulti(0x1,gpa_B1,gpa_B2,gpa_B3,gpa_B4_7,),0xffffffffff000),0,4),0x15),0x1ff),0x0,0x0,0x0,0x0,),0x8)),0xffffa00200000000),0xc),0x100),0,2),0x1))",
"path-093", "Equal(Sub(Extract(Sub(LShr(Sub(Add(0xffffa00200108000,Mul(CombineMulti(And(LShr(Extract(And(CombineMulti(0x1,gpa_B1,gpa_B2,gpa_B3,gpa_B4_7,),0xffffffffff000),0,4),0x15),0x1ff),0x0,0x0,0x0,0x0,),0x8)),0xffffa00200000000),0xc),0x100),0,2),0x2))",
"path-095", "Equal(And(Extract(And(Or(epte,Shl(0x1,0xb)),Not(Shl(0x1,0x34))),1,2),0x8))",
"path-096", "Equal(And(Add(0xffffa00200108000,Mul(CombineMulti(And(LShr(Extract(And(CombineMulti(0x1,gpa_B1,gpa_B2,gpa_B3,gpa_B4_7,),0xffffffffff000),0,4),0x15),0x1ff),0x0,0x0,0x0,0x0,),0x8)),Add(0xffffa00200108000,Mul(CombineMulti(And(LShr(Extract(And(CombineMulti(0x1,gpa_B1,gpa_B2,gpa_B3,gpa_B4_7,),0xffffffffff000),0,4),0x15),0x1ff),0x0,0x0,0x0,0x0,),0x8))))",
"path-097", "Ugt(Extract(Sub(LShr(Sub(Add(0xffffa00200108000,Mul(CombineMulti(And(LShr(Extract(And(CombineMulti(0x1,gpa_B1,gpa_B2,gpa_B3,gpa_B4_7,),0xffffffffff000),0,4),0x15),0x1ff),0x0,0x0,0x0,0x0,),0x8)),0xffffa00200000000),0xc),0x100),0,2),0x5d)",
"path-098", "Equal(Sub(Extract(Sub(LShr(Sub(Add(0xffffa00200108000,Mul(CombineMulti(And(LShr(Extract(And(CombineMulti(0x1,gpa_B1,gpa_B2,gpa_B3,gpa_B4_7,),0xffffffffff000),0,4),0x15),0x1ff),0x0,0x0,0x0,0x0,),0x8)),0xffffa00200000000),0xc),0x100),0,2),0x0))",
"path-099", "Equal(Sub(Extract(Sub(LShr(Sub(Add(0xffffa00200108000,Mul(CombineMulti(And(LShr(Extract(And(CombineMulti(0x1,gpa_B1,gpa_B2,gpa_B3,gpa_B4_7,),0xffffffffff000),0,4),0x15),0x1ff),0x0,0x0,0x0,0x0,),0x8)),0xffffa00200000000),0xc),0x100),0,2),0x1))",
"path-100", "Equal(Sub(Extract(Sub(LShr(Sub(Add(0xffffa00200108000,Mul(CombineMulti(And(LShr(Extract(And(CombineMulti(0x1,gpa_B1,gpa_B2,gpa_B3,gpa_B4_7,),0xffffffffff000),0,4),0x15),0x1ff),0x0,0x0,0x0,0x0,),0x8)),0xffffa00200000000),0xc),0x100),0,2),0x2))",
"path-102", "Equal(And(Extract(And(Or(epte,Shl(0x1,0xb)),Not(Shl(0x1,0x34))),1,2),0x8))",
"path-103", "Equal(And(Add(0xffffa00200108000,Mul(CombineMulti(And(LShr(Extract(And(CombineMulti(0x1,gpa_B1,gpa_B2,gpa_B3,gpa_B4_7,),0xffffffffff000),0,4),0x15),0x1ff),0x0,0x0,0x0,0x0,),0x8)),Add(0xffffa00200108000,Mul(CombineMulti(And(LShr(Extract(And(CombineMulti(0x1,gpa_B1,gpa_B2,gpa_B3,gpa_B4_7,),0xffffffffff000),0,4),0x15),0x1ff),0x0,0x0,0x0,0x0,),0x8))))",
"path-104", "Ugt(Extract(Sub(LShr(Sub(Add(0xffffa00200108000,Mul(CombineMulti(And(LShr(Extract(And(CombineMulti(0x1,gpa_B1,gpa_B2,gpa_B3,gpa_B4_7,),0xffffffffff000),0,4),0x15),0x1ff),0x0,0x0,0x0,0x0,),0x8)),0xffffa00200000000),0xc),0x100),0,2),0x5d)",
"path-105", "Equal(Sub(Extract(Sub(LShr(Sub(Add(0xffffa00200108000,Mul(CombineMulti(And(LShr(Extract(And(CombineMulti(0x1,gpa_B1,gpa_B2,gpa_B3,gpa_B4_7,),0xffffffffff000),0,4),0x15),0x1ff),0x0,0x0,0x0,0x0,),0x8)),0xffffa00200000000),0xc),0x100),0,2),0x0))",
"path-106", "Equal(Sub(Extract(Sub(LShr(Sub(Add(0xffffa00200108000,Mul(CombineMulti(And(LShr(Extract(And(CombineMulti(0x1,gpa_B1,gpa_B2,gpa_B3,gpa_B4_7,),0xffffffffff000),0,4),0x15),0x1ff),0x0,0x0,0x0,0x0,),0x8)),0xffffa00200000000),0xc),0x100),0,2),0x1))",
"path-107", "Equal(Sub(Extract(Sub(LShr(Sub(Add(0xffffa00200108000,Mul(CombineMulti(And(LShr(Extract(And(CombineMulti(0x1,gpa_B1,gpa_B2,gpa_B3,gpa_B4_7,),0xffffffffff000),0,4),0x15),0x1ff),0x0,0x0,0x0,0x0,),0x8)),0xffffa00200000000),0xc),0x100),0,2),0x2))",
"path-109", "LNot(Distinct(Sub(And(0x1e00000000002c0,And(Or(epte,Shl(0x1,0xb)),Not(Shl(0x1,0x34)))),0xe0000000000000)))",
"path-110", "Equal(And(Add(0xffffa00200108000,Mul(CombineMulti(And(LShr(Extract(And(CombineMulti(0x1,gpa_B1,gpa_B2,gpa_B3,gpa_B4_7,),0xffffffffff000),0,4),0x15),0x1ff),0x0,0x0,0x0,0x0,),0x8)),Add(0xffffa00200108000,Mul(CombineMulti(And(LShr(Extract(And(CombineMulti(0x1,gpa_B1,gpa_B2,gpa_B3,gpa_B4_7,),0xffffffffff000),0,4),0x15),0x1ff),0x0,0x0,0x0,0x0,),0x8))))",
"path-111", "Ugt(Extract(Sub(LShr(Sub(Add(0xffffa00200108000,Mul(CombineMulti(And(LShr(Extract(And(CombineMulti(0x1,gpa_B1,gpa_B2,gpa_B3,gpa_B4_7,),0xffffffffff000),0,4),0x15),0x1ff),0x0,0x0,0x0,0x0,),0x8)),0xffffa00200000000),0xc),0x100),0,2),0x5d)",
"path-112", "Equal(Sub(Extract(Sub(LShr(Sub(Add(0xffffa00200108000,Mul(CombineMulti(And(LShr(Extract(And(CombineMulti(0x1,gpa_B1,gpa_B2,gpa_B3,gpa_B4_7,),0xffffffffff000),0,4),0x15),0x1ff),0x0,0x0,0x0,0x0,),0x8)),0xffffa00200000000),0xc),0x100),0,2),0x0))",
"path-113", "Equal(Sub(Extract(Sub(LShr(Sub(Add(0xffffa00200108000,Mul(CombineMulti(And(LShr(Extract(And(CombineMulti(0x1,gpa_B1,gpa_B2,gpa_B3,gpa_B4_7,),0xffffffffff000),0,4),0x15),0x1ff),0x0,0x0,0x0,0x0,),0x8)),0xffffa00200000000),0xc),0x100),0,2),0x1))",
"path-114", "Equal(Sub(Extract(Sub(LShr(Sub(Add(0xffffa00200108000,Mul(CombineMulti(And(LShr(Extract(And(CombineMulti(0x1,gpa_B1,gpa_B2,gpa_B3,gpa_B4_7,),0xffffffffff000),0,4),0x15),0x1ff),0x0,0x0,0x0,0x0,),0x8)),0xffffa00200000000),0xc),0x100),0,2),0x2))",
"path-115", "Equal(Sub(Extract(ZeroEXT(Extract(Sub(LShr(Sub(Add(0xffffa00200108000,Mul(CombineMulti(And(LShr(Extract(And(CombineMulti(0x1,gpa_B1,gpa_B2,gpa_B3,gpa_B4_7,),0xffffffffff000),0,4),0x15),0x1ff),0x0,0x0,0x0,0x0,),0x8)),0xffffa00200000000),0xc),0x100),0,2)),0,2),0xffffffffffffffff))",
"path-117", "Equal(And(Add(0xffffa00200108000,Mul(CombineMulti(And(LShr(Extract(And(CombineMulti(0x1,gpa_B1,gpa_B2,gpa_B3,gpa_B4_7,),0xffffffffff000),0,4),0x15),0x1ff),0x0,0x0,0x0,0x0,),0x8)),Add(0xffffa00200108000,Mul(CombineMulti(And(LShr(Extract(And(CombineMulti(0x1,gpa_B1,gpa_B2,gpa_B3,gpa_B4_7,),0xffffffffff000),0,4),0x15),0x1ff),0x0,0x0,0x0,0x0,),0x8))))",
"path-118", "Ugt(Extract(Sub(LShr(Sub(Add(0xffffa00200108000,Mul(CombineMulti(And(LShr(Extract(And(CombineMulti(0x1,gpa_B1,gpa_B2,gpa_B3,gpa_B4_7,),0xffffffffff000),0,4),0x15),0x1ff),0x0,0x0,0x0,0x0,),0x8)),0xffffa00200000000),0xc),0x100),0,2),0x5d)",
"path-119", "Equal(Sub(Extract(Sub(LShr(Sub(Add(0xffffa00200108000,Mul(CombineMulti(And(LShr(Extract(And(CombineMulti(0x1,gpa_B1,gpa_B2,gpa_B3,gpa_B4_7,),0xffffffffff000),0,4),0x15),0x1ff),0x0,0x0,0x0,0x0,),0x8)),0xffffa00200000000),0xc),0x100),0,2),0x0))",
"path-120", "Equal(Sub(Extract(Sub(LShr(Sub(Add(0xffffa00200108000,Mul(CombineMulti(And(LShr(Extract(And(CombineMulti(0x1,gpa_B1,gpa_B2,gpa_B3,gpa_B4_7,),0xffffffffff000),0,4),0x15),0x1ff),0x0,0x0,0x0,0x0,),0x8)),0xffffa00200000000),0xc),0x100),0,2),0x1))",
"path-121", "Equal(Sub(Extract(Sub(LShr(Sub(Add(0xffffa00200108000,Mul(CombineMulti(And(LShr(Extract(And(CombineMulti(0x1,gpa_B1,gpa_B2,gpa_B3,gpa_B4_7,),0xffffffffff000),0,4),0x15),0x1ff),0x0,0x0,0x0,0x0,),0x8)),0xffffa00200000000),0xc),0x100),0,2),0x2))",
"path-123", "Equal(And(Add(0xffffa00200108000,Mul(CombineMulti(And(LShr(Extract(And(CombineMulti(0x1,gpa_B1,gpa_B2,gpa_B3,gpa_B4_7,),0xffffffffff000),0,4),0x15),0x1ff),0x0,0x0,0x0,0x0,),0x8)),Add(0xffffa00200108000,Mul(CombineMulti(And(LShr(Extract(And(CombineMulti(0x1,gpa_B1,gpa_B2,gpa_B3,gpa_B4_7,),0xffffffffff000),0,4),0x15),0x1ff),0x0,0x0,0x0,0x0,),0x8))))",
"path-124", "Ugt(Extract(Sub(LShr(Sub(Add(0xffffa00200108000,Mul(CombineMulti(And(LShr(Extract(And(CombineMulti(0x1,gpa_B1,gpa_B2,gpa_B3,gpa_B4_7,),0xffffffffff000),0,4),0x15),0x1ff),0x0,0x0,0x0,0x0,),0x8)),0xffffa00200000000),0xc),0x100),0,2),0x5d)",
"path-125", "Equal(Sub(Extract(Sub(LShr(Sub(Add(0xffffa00200108000,Mul(CombineMulti(And(LShr(Extract(And(CombineMulti(0x1,gpa_B1,gpa_B2,gpa_B3,gpa_B4_7,),0xffffffffff000),0,4),0x15),0x1ff),0x0,0x0,0x0,0x0,),0x8)),0xffffa00200000000),0xc),0x100),0,2),0x0))",
"path-126", "Equal(Sub(Extract(Sub(LShr(Sub(Add(0xffffa00200108000,Mul(CombineMulti(And(LShr(Extract(And(CombineMulti(0x1,gpa_B1,gpa_B2,gpa_B3,gpa_B4_7,),0xffffffffff000),0,4),0x15),0x1ff),0x0,0x0,0x0,0x0,),0x8)),0xffffa00200000000),0xc),0x100),0,2),0x1))",
"path-127", "Equal(Sub(Extract(Sub(LShr(Sub(Add(0xffffa00200108000,Mul(CombineMulti(And(LShr(Extract(And(CombineMulti(0x1,gpa_B1,gpa_B2,gpa_B3,gpa_B4_7,),0xffffffffff000),0,4),0x15),0x1ff),0x0,0x0,0x0,0x0,),0x8)),0xffffa00200000000),0xc),0x100),0,2),0x2))",
"path-129", "Equal(And(Add(0xffffa00200108000,Mul(CombineMulti(And(LShr(Extract(And(CombineMulti(0x1,gpa_B1,gpa_B2,gpa_B3,gpa_B4_7,),0xffffffffff000),0,4),0x15),0x1ff),0x0,0x0,0x0,0x0,),0x8)),Add(0xffffa00200108000,Mul(CombineMulti(And(LShr(Extract(And(CombineMulti(0x1,gpa_B1,gpa_B2,gpa_B3,gpa_B4_7,),0xffffffffff000),0,4),0x15),0x1ff),0x0,0x0,0x0,0x0,),0x8))))",
"path-130", "Ugt(Extract(Sub(LShr(Sub(Add(0xffffa00200108000,Mul(CombineMulti(And(LShr(Extract(And(CombineMulti(0x1,gpa_B1,gpa_B2,gpa_B3,gpa_B4_7,),0xffffffffff000),0,4),0x15),0x1ff),0x0,0x0,0x0,0x0,),0x8)),0xffffa00200000000),0xc),0x100),0,2),0x5d)",
"path-131", "Equal(Sub(Extract(Sub(LShr(Sub(Add(0xffffa00200108000,Mul(CombineMulti(And(LShr(Extract(And(CombineMulti(0x1,gpa_B1,gpa_B2,gpa_B3,gpa_B4_7,),0xffffffffff000),0,4),0x15),0x1ff),0x0,0x0,0x0,0x0,),0x8)),0xffffa00200000000),0xc),0x100),0,2),0x0))",
"path-132", "Equal(Sub(Extract(Sub(LShr(Sub(Add(0xffffa00200108000,Mul(CombineMulti(And(LShr(Extract(And(CombineMulti(0x1,gpa_B1,gpa_B2,gpa_B3,gpa_B4_7,),0xffffffffff000),0,4),0x15),0x1ff),0x0,0x0,0x0,0x0,),0x8)),0xffffa00200000000),0xc),0x100),0,2),0x1))",
"path-133", "Equal(Sub(Extract(Sub(LShr(Sub(Add(0xffffa00200108000,Mul(CombineMulti(And(LShr(Extract(And(CombineMulti(0x1,gpa_B1,gpa_B2,gpa_B3,gpa_B4_7,),0xffffffffff000),0,4),0x15),0x1ff),0x0,0x0,0x0,0x0,),0x8)),0xffffa00200000000),0xc),0x100),0,2),0x2))",
"path-135", "LNot(Equal(Sub(0x1,And(CombineMulti(0x1,gpa_B1,gpa_B2,gpa_B3,),0x7))))",
"path-136", "LNot(Equal(Sub(And(CombineMulti(0x1,gpa_B1,gpa_B2,gpa_B3,),0x7),0x1)))",
