"path-000", "Ult(And(CombineMulti(0x3,gpa_B1,gpa_B2,gpa_B3,),0x7),0x1)",
"path-001", "Ugt(And(CombineMulti(0x3,gpa_B1,gpa_B2,gpa_B3,),0x7),0x4)",
"path-003", "Uge(And(CombineMulti(0x3,gpa_B1,gpa_B2,gpa_B3,),0x7),0x5)",
"path-004", "Equal(Sub(And(CombineMulti(0x3,gpa_B1,gpa_B2,gpa_B3,),0x7),0x4))",
"path-005", "Equal(And(Extract(And(Or(epte,Shl(0x1,0xb)),Not(Shl(0x1,0x34))),1,2),0x8))",
"path-006", "Equal(And(Add(0xffffa00200106000,Mul(CombineMulti(And(Extract(LShr(And(CombineMulti(0x3,gpa_B1,gpa_B2,gpa_B3,gpa_B4_7,),0xffffffffff000),0x27),0,4),0x1ff),0x0,0x0,0x0,0x0,),0x8)),Add(0xffffa00200106000,Mul(CombineMulti(And(Extract(LShr(And(CombineMulti(0x3,gpa_B1,gpa_B2,gpa_B3,gpa_B4_7,),0xffffffffff000),0x27),0,4),0x1ff),0x0,0x0,0x0,0x0,),0x8))))",
"path-007", "Ugt(Extract(Sub(LShr(Sub(Add(0xffffa00200106000,Mul(CombineMulti(And(Extract(LShr(And(CombineMulti(0x3,gpa_B1,gpa_B2,gpa_B3,gpa_B4_7,),0xffffffffff000),0x27),0,4),0x1ff),0x0,0x0,0x0,0x0,),0x8)),0xffffa00200000000),0xc),0x100),0,2),0x5d)",
"path-008", "Equal(Sub(Extract(Sub(LShr(Sub(Add(0xffffa00200106000,Mul(CombineMulti(And(Extract(LShr(And(CombineMulti(0x3,gpa_B1,gpa_B2,gpa_B3,gpa_B4_7,),0xffffffffff000),0x27),0,4),0x1ff),0x0,0x0,0x0,0x0,),0x8)),0xffffa00200000000),0xc),0x100),0,2),0x0))",
"path-009", "Equal(Sub(Extract(Sub(LShr(Sub(Add(0xffffa00200106000,Mul(CombineMulti(And(Extract(LShr(And(CombineMulti(0x3,gpa_B1,gpa_B2,gpa_B3,gpa_B4_7,),0xffffffffff000),0x27),0,4),0x1ff),0x0,0x0,0x0,0x0,),0x8)),0xffffa00200000000),0xc),0x100),0,2),0x1))",
"path-010", "Equal(Sub(Extract(Sub(LShr(Sub(Add(0xffffa00200106000,Mul(CombineMulti(And(Extract(LShr(And(CombineMulti(0x3,gpa_B1,gpa_B2,gpa_B3,gpa_B4_7,),0xffffffffff000),0x27),0,4),0x1ff),0x0,0x0,0x0,0x0,),0x8)),0xffffa00200000000),0xc),0x100),0,2),0x2))",
"path-012", "Equal(And(Extract(And(Or(epte,Shl(0x1,0xb)),Not(Shl(0x1,0x34))),1,2),0x8))",
"path-013", "Equal(And(Add(0xffffa00200106000,Mul(CombineMulti(And(Extract(LShr(And(CombineMulti(0x3,gpa_B1,gpa_B2,gpa_B3,gpa_B4_7,),0xffffffffff000),0x27),0,4),0x1ff),0x0,0x0,0x0,0x0,),0x8)),Add(0xffffa00200106000,Mul(CombineMulti(And(Extract(LShr(And(CombineMulti(0x3,gpa_B1,gpa_B2,gpa_B3,gpa_B4_7,),0xffffffffff000),0x27),0,4),0x1ff),0x0,0x0,0x0,0x0,),0x8))))",
"path-014", "Ugt(Extract(Sub(LShr(Sub(Add(0xffffa00200106000,Mul(CombineMulti(And(Extract(LShr(And(CombineMulti(0x3,gpa_B1,gpa_B2,gpa_B3,gpa_B4_7,),0xffffffffff000),0x27),0,4),0x1ff),0x0,0x0,0x0,0x0,),0x8)),0xffffa00200000000),0xc),0x100),0,2),0x5d)",
"path-015", "Equal(Sub(Extract(Sub(LShr(Sub(Add(0xffffa00200106000,Mul(CombineMulti(And(Extract(LShr(And(CombineMulti(0x3,gpa_B1,gpa_B2,gpa_B3,gpa_B4_7,),0xffffffffff000),0x27),0,4),0x1ff),0x0,0x0,0x0,0x0,),0x8)),0xffffa00200000000),0xc),0x100),0,2),0x0))",
"path-016", "Equal(Sub(Extract(Sub(LShr(Sub(Add(0xffffa00200106000,Mul(CombineMulti(And(Extract(LShr(And(CombineMulti(0x3,gpa_B1,gpa_B2,gpa_B3,gpa_B4_7,),0xffffffffff000),0x27),0,4),0x1ff),0x0,0x0,0x0,0x0,),0x8)),0xffffa00200000000),0xc),0x100),0,2),0x1))",
"path-017", "Equal(Sub(Extract(Sub(LShr(Sub(Add(0xffffa00200106000,Mul(CombineMulti(And(Extract(LShr(And(CombineMulti(0x3,gpa_B1,gpa_B2,gpa_B3,gpa_B4_7,),0xffffffffff000),0x27),0,4),0x1ff),0x0,0x0,0x0,0x0,),0x8)),0xffffa00200000000),0xc),0x100),0,2),0x2))",
"path-019", "Equal(And(Extract(And(Or(epte,Shl(0x1,0xb)),Not(Shl(0x1,0x34))),1,2),0x8))",
"path-020", "Equal(And(Add(0xffffa00200106000,Mul(CombineMulti(And(Extract(LShr(And(CombineMulti(0x3,gpa_B1,gpa_B2,gpa_B3,gpa_B4_7,),0xffffffffff000),0x27),0,4),0x1ff),0x0,0x0,0x0,0x0,),0x8)),Add(0xffffa00200106000,Mul(CombineMulti(And(Extract(LShr(And(CombineMulti(0x3,gpa_B1,gpa_B2,gpa_B3,gpa_B4_7,),0xffffffffff000),0x27),0,4),0x1ff),0x0,0x0,0x0,0x0,),0x8))))",
"path-021", "Ugt(Extract(Sub(LShr(Sub(Add(0xffffa00200106000,Mul(CombineMulti(And(Extract(LShr(And(CombineMulti(0x3,gpa_B1,gpa_B2,gpa_B3,gpa_B4_7,),0xffffffffff000),0x27),0,4),0x1ff),0x0,0x0,0x0,0x0,),0x8)),0xffffa00200000000),0xc),0x100),0,2),0x5d)",
"path-022", "Equal(Sub(Extract(Sub(LShr(Sub(Add(0xffffa00200106000,Mul(CombineMulti(And(Extract(LShr(And(CombineMulti(0x3,gpa_B1,gpa_B2,gpa_B3,gpa_B4_7,),0xffffffffff000),0x27),0,4),0x1ff),0x0,0x0,0x0,0x0,),0x8)),0xffffa00200000000),0xc),0x100),0,2),0x0))",
"path-023", "Equal(Sub(Extract(Sub(LShr(Sub(Add(0xffffa00200106000,Mul(CombineMulti(And(Extract(LShr(And(CombineMulti(0x3,gpa_B1,gpa_B2,gpa_B3,gpa_B4_7,),0xffffffffff000),0x27),0,4),0x1ff),0x0,0x0,0x0,0x0,),0x8)),0xffffa00200000000),0xc),0x100),0,2),0x1))",
"path-024", "Equal(Sub(Extract(Sub(LShr(Sub(Add(0xffffa00200106000,Mul(CombineMulti(And(Extract(LShr(And(CombineMulti(0x3,gpa_B1,gpa_B2,gpa_B3,gpa_B4_7,),0xffffffffff000),0x27),0,4),0x1ff),0x0,0x0,0x0,0x0,),0x8)),0xffffa00200000000),0xc),0x100),0,2),0x2))",
"path-026", "Equal(And(Extract(And(Or(epte,Shl(0x1,0xb)),Not(Shl(0x1,0x34))),1,2),0x8))",
"path-027", "Equal(And(Add(0xffffa00200106000,Mul(CombineMulti(And(Extract(LShr(And(CombineMulti(0x3,gpa_B1,gpa_B2,gpa_B3,gpa_B4_7,),0xffffffffff000),0x27),0,4),0x1ff),0x0,0x0,0x0,0x0,),0x8)),Add(0xffffa00200106000,Mul(CombineMulti(And(Extract(LShr(And(CombineMulti(0x3,gpa_B1,gpa_B2,gpa_B3,gpa_B4_7,),0xffffffffff000),0x27),0,4),0x1ff),0x0,0x0,0x0,0x0,),0x8))))",
"path-028", "Ugt(Extract(Sub(LShr(Sub(Add(0xffffa00200106000,Mul(CombineMulti(And(Extract(LShr(And(CombineMulti(0x3,gpa_B1,gpa_B2,gpa_B3,gpa_B4_7,),0xffffffffff000),0x27),0,4),0x1ff),0x0,0x0,0x0,0x0,),0x8)),0xffffa00200000000),0xc),0x100),0,2),0x5d)",
"path-029", "Equal(Sub(Extract(Sub(LShr(Sub(Add(0xffffa00200106000,Mul(CombineMulti(And(Extract(LShr(And(CombineMulti(0x3,gpa_B1,gpa_B2,gpa_B3,gpa_B4_7,),0xffffffffff000),0x27),0,4),0x1ff),0x0,0x0,0x0,0x0,),0x8)),0xffffa00200000000),0xc),0x100),0,2),0x0))",
"path-030", "Equal(Sub(Extract(Sub(LShr(Sub(Add(0xffffa00200106000,Mul(CombineMulti(And(Extract(LShr(And(CombineMulti(0x3,gpa_B1,gpa_B2,gpa_B3,gpa_B4_7,),0xffffffffff000),0x27),0,4),0x1ff),0x0,0x0,0x0,0x0,),0x8)),0xffffa00200000000),0xc),0x100),0,2),0x1))",
"path-031", "Equal(Sub(Extract(Sub(LShr(Sub(Add(0xffffa00200106000,Mul(CombineMulti(And(Extract(LShr(And(CombineMulti(0x3,gpa_B1,gpa_B2,gpa_B3,gpa_B4_7,),0xffffffffff000),0x27),0,4),0x1ff),0x0,0x0,0x0,0x0,),0x8)),0xffffa00200000000),0xc),0x100),0,2),0x2))",
"path-033", "Equal(And(Extract(And(Or(epte,Shl(0x1,0xb)),Not(Shl(0x1,0x34))),1,2),0x8))",
"path-034", "Equal(And(Add(0xffffa00200106000,Mul(CombineMulti(And(Extract(LShr(And(CombineMulti(0x3,gpa_B1,gpa_B2,gpa_B3,gpa_B4_7,),0xffffffffff000),0x27),0,4),0x1ff),0x0,0x0,0x0,0x0,),0x8)),Add(0xffffa00200106000,Mul(CombineMulti(And(Extract(LShr(And(CombineMulti(0x3,gpa_B1,gpa_B2,gpa_B3,gpa_B4_7,),0xffffffffff000),0x27),0,4),0x1ff),0x0,0x0,0x0,0x0,),0x8))))",
"path-035", "Ugt(Extract(Sub(LShr(Sub(Add(0xffffa00200106000,Mul(CombineMulti(And(Extract(LShr(And(CombineMulti(0x3,gpa_B1,gpa_B2,gpa_B3,gpa_B4_7,),0xffffffffff000),0x27),0,4),0x1ff),0x0,0x0,0x0,0x0,),0x8)),0xffffa00200000000),0xc),0x100),0,2),0x5d)",
"path-036", "Equal(Sub(Extract(Sub(LShr(Sub(Add(0xffffa00200106000,Mul(CombineMulti(And(Extract(LShr(And(CombineMulti(0x3,gpa_B1,gpa_B2,gpa_B3,gpa_B4_7,),0xffffffffff000),0x27),0,4),0x1ff),0x0,0x0,0x0,0x0,),0x8)),0xffffa00200000000),0xc),0x100),0,2),0x0))",
"path-037", "Equal(Sub(Extract(Sub(LShr(Sub(Add(0xffffa00200106000,Mul(CombineMulti(And(Extract(LShr(And(CombineMulti(0x3,gpa_B1,gpa_B2,gpa_B3,gpa_B4_7,),0xffffffffff000),0x27),0,4),0x1ff),0x0,0x0,0x0,0x0,),0x8)),0xffffa00200000000),0xc),0x100),0,2),0x1))",
"path-038", "Equal(Sub(Extract(Sub(LShr(Sub(Add(0xffffa00200106000,Mul(CombineMulti(And(Extract(LShr(And(CombineMulti(0x3,gpa_B1,gpa_B2,gpa_B3,gpa_B4_7,),0xffffffffff000),0x27),0,4),0x1ff),0x0,0x0,0x0,0x0,),0x8)),0xffffa00200000000),0xc),0x100),0,2),0x2))",
"path-040", "LNot(Distinct(Sub(And(0x1e00000000002c0,And(Or(epte,Shl(0x1,0xb)),Not(Shl(0x1,0x34)))),0xe0000000000000)))",
"path-041", "Equal(And(Add(0xffffa00200106000,Mul(CombineMulti(And(Extract(LShr(And(CombineMulti(0x3,gpa_B1,gpa_B2,gpa_B3,gpa_B4_7,),0xffffffffff000),0x27),0,4),0x1ff),0x0,0x0,0x0,0x0,),0x8)),Add(0xffffa00200106000,Mul(CombineMulti(And(Extract(LShr(And(CombineMulti(0x3,gpa_B1,gpa_B2,gpa_B3,gpa_B4_7,),0xffffffffff000),0x27),0,4),0x1ff),0x0,0x0,0x0,0x0,),0x8))))",
"path-042", "Ugt(Extract(Sub(LShr(Sub(Add(0xffffa00200106000,Mul(CombineMulti(And(Extract(LShr(And(CombineMulti(0x3,gpa_B1,gpa_B2,gpa_B3,gpa_B4_7,),0xffffffffff000),0x27),0,4),0x1ff),0x0,0x0,0x0,0x0,),0x8)),0xffffa00200000000),0xc),0x100),0,2),0x5d)",
"path-043", "Equal(Sub(Extract(Sub(LShr(Sub(Add(0xffffa00200106000,Mul(CombineMulti(And(Extract(LShr(And(CombineMulti(0x3,gpa_B1,gpa_B2,gpa_B3,gpa_B4_7,),0xffffffffff000),0x27),0,4),0x1ff),0x0,0x0,0x0,0x0,),0x8)),0xffffa00200000000),0xc),0x100),0,2),0x0))",
"path-044", "Equal(Sub(Extract(Sub(LShr(Sub(Add(0xffffa00200106000,Mul(CombineMulti(And(Extract(LShr(And(CombineMulti(0x3,gpa_B1,gpa_B2,gpa_B3,gpa_B4_7,),0xffffffffff000),0x27),0,4),0x1ff),0x0,0x0,0x0,0x0,),0x8)),0xffffa00200000000),0xc),0x100),0,2),0x1))",
"path-045", "Equal(Sub(Extract(Sub(LShr(Sub(Add(0xffffa00200106000,Mul(CombineMulti(And(Extract(LShr(And(CombineMulti(0x3,gpa_B1,gpa_B2,gpa_B3,gpa_B4_7,),0xffffffffff000),0x27),0,4),0x1ff),0x0,0x0,0x0,0x0,),0x8)),0xffffa00200000000),0xc),0x100),0,2),0x2))",
"path-046", "Equal(Sub(Extract(ZeroEXT(Extract(Sub(LShr(Sub(Add(0xffffa00200106000,Mul(CombineMulti(And(Extract(LShr(And(CombineMulti(0x3,gpa_B1,gpa_B2,gpa_B3,gpa_B4_7,),0xffffffffff000),0x27),0,4),0x1ff),0x0,0x0,0x0,0x0,),0x8)),0xffffa00200000000),0xc),0x100),0,2)),0,2),0xffffffffffffffff))",
"path-048", "Equal(And(Add(0xffffa00200106000,Mul(CombineMulti(And(Extract(LShr(And(CombineMulti(0x3,gpa_B1,gpa_B2,gpa_B3,gpa_B4_7,),0xffffffffff000),0x27),0,4),0x1ff),0x0,0x0,0x0,0x0,),0x8)),Add(0xffffa00200106000,Mul(CombineMulti(And(Extract(LShr(And(CombineMulti(0x3,gpa_B1,gpa_B2,gpa_B3,gpa_B4_7,),0xffffffffff000),0x27),0,4),0x1ff),0x0,0x0,0x0,0x0,),0x8))))",
"path-049", "Ugt(Extract(Sub(LShr(Sub(Add(0xffffa00200106000,Mul(CombineMulti(And(Extract(LShr(And(CombineMulti(0x3,gpa_B1,gpa_B2,gpa_B3,gpa_B4_7,),0xffffffffff000),0x27),0,4),0x1ff),0x0,0x0,0x0,0x0,),0x8)),0xffffa00200000000),0xc),0x100),0,2),0x5d)",
"path-050", "Equal(Sub(Extract(Sub(LShr(Sub(Add(0xffffa00200106000,Mul(CombineMulti(And(Extract(LShr(And(CombineMulti(0x3,gpa_B1,gpa_B2,gpa_B3,gpa_B4_7,),0xffffffffff000),0x27),0,4),0x1ff),0x0,0x0,0x0,0x0,),0x8)),0xffffa00200000000),0xc),0x100),0,2),0x0))",
"path-051", "Equal(Sub(Extract(Sub(LShr(Sub(Add(0xffffa00200106000,Mul(CombineMulti(And(Extract(LShr(And(CombineMulti(0x3,gpa_B1,gpa_B2,gpa_B3,gpa_B4_7,),0xffffffffff000),0x27),0,4),0x1ff),0x0,0x0,0x0,0x0,),0x8)),0xffffa00200000000),0xc),0x100),0,2),0x1))",
"path-052", "Equal(Sub(Extract(Sub(LShr(Sub(Add(0xffffa00200106000,Mul(CombineMulti(And(Extract(LShr(And(CombineMulti(0x3,gpa_B1,gpa_B2,gpa_B3,gpa_B4_7,),0xffffffffff000),0x27),0,4),0x1ff),0x0,0x0,0x0,0x0,),0x8)),0xffffa00200000000),0xc),0x100),0,2),0x2))",
"path-054", "Equal(And(Add(0xffffa00200106000,Mul(CombineMulti(And(Extract(LShr(And(CombineMulti(0x3,gpa_B1,gpa_B2,gpa_B3,gpa_B4_7,),0xffffffffff000),0x27),0,4),0x1ff),0x0,0x0,0x0,0x0,),0x8)),Add(0xffffa00200106000,Mul(CombineMulti(And(Extract(LShr(And(CombineMulti(0x3,gpa_B1,gpa_B2,gpa_B3,gpa_B4_7,),0xffffffffff000),0x27),0,4),0x1ff),0x0,0x0,0x0,0x0,),0x8))))",
"path-055", "Ugt(Extract(Sub(LShr(Sub(Add(0xffffa00200106000,Mul(CombineMulti(And(Extract(LShr(And(CombineMulti(0x3,gpa_B1,gpa_B2,gpa_B3,gpa_B4_7,),0xffffffffff000),0x27),0,4),0x1ff),0x0,0x0,0x0,0x0,),0x8)),0xffffa00200000000),0xc),0x100),0,2),0x5d)",
"path-056", "Equal(Sub(Extract(Sub(LShr(Sub(Add(0xffffa00200106000,Mul(CombineMulti(And(Extract(LShr(And(CombineMulti(0x3,gpa_B1,gpa_B2,gpa_B3,gpa_B4_7,),0xffffffffff000),0x27),0,4),0x1ff),0x0,0x0,0x0,0x0,),0x8)),0xffffa00200000000),0xc),0x100),0,2),0x0))",
"path-057", "Equal(Sub(Extract(Sub(LShr(Sub(Add(0xffffa00200106000,Mul(CombineMulti(And(Extract(LShr(And(CombineMulti(0x3,gpa_B1,gpa_B2,gpa_B3,gpa_B4_7,),0xffffffffff000),0x27),0,4),0x1ff),0x0,0x0,0x0,0x0,),0x8)),0xffffa00200000000),0xc),0x100),0,2),0x1))",
"path-058", "Equal(Sub(Extract(Sub(LShr(Sub(Add(0xffffa00200106000,Mul(CombineMulti(And(Extract(LShr(And(CombineMulti(0x3,gpa_B1,gpa_B2,gpa_B3,gpa_B4_7,),0xffffffffff000),0x27),0,4),0x1ff),0x0,0x0,0x0,0x0,),0x8)),0xffffa00200000000),0xc),0x100),0,2),0x2))",
"path-060", "Equal(And(Add(0xffffa00200106000,Mul(CombineMulti(And(Extract(LShr(And(CombineMulti(0x3,gpa_B1,gpa_B2,gpa_B3,gpa_B4_7,),0xffffffffff000),0x27),0,4),0x1ff),0x0,0x0,0x0,0x0,),0x8)),Add(0xffffa00200106000,Mul(CombineMulti(And(Extract(LShr(And(CombineMulti(0x3,gpa_B1,gpa_B2,gpa_B3,gpa_B4_7,),0xffffffffff000),0x27),0,4),0x1ff),0x0,0x0,0x0,0x0,),0x8))))",
"path-061", "Ugt(Extract(Sub(LShr(Sub(Add(0xffffa00200106000,Mul(CombineMulti(And(Extract(LShr(And(CombineMulti(0x3,gpa_B1,gpa_B2,gpa_B3,gpa_B4_7,),0xffffffffff000),0x27),0,4),0x1ff),0x0,0x0,0x0,0x0,),0x8)),0xffffa00200000000),0xc),0x100),0,2),0x5d)",
"path-062", "Equal(Sub(Extract(Sub(LShr(Sub(Add(0xffffa00200106000,Mul(CombineMulti(And(Extract(LShr(And(CombineMulti(0x3,gpa_B1,gpa_B2,gpa_B3,gpa_B4_7,),0xffffffffff000),0x27),0,4),0x1ff),0x0,0x0,0x0,0x0,),0x8)),0xffffa00200000000),0xc),0x100),0,2),0x0))",
"path-063", "Equal(Sub(Extract(Sub(LShr(Sub(Add(0xffffa00200106000,Mul(CombineMulti(And(Extract(LShr(And(CombineMulti(0x3,gpa_B1,gpa_B2,gpa_B3,gpa_B4_7,),0xffffffffff000),0x27),0,4),0x1ff),0x0,0x0,0x0,0x0,),0x8)),0xffffa00200000000),0xc),0x100),0,2),0x1))",
"path-064", "Equal(Sub(Extract(Sub(LShr(Sub(Add(0xffffa00200106000,Mul(CombineMulti(And(Extract(LShr(And(CombineMulti(0x3,gpa_B1,gpa_B2,gpa_B3,gpa_B4_7,),0xffffffffff000),0x27),0,4),0x1ff),0x0,0x0,0x0,0x0,),0x8)),0xffffa00200000000),0xc),0x100),0,2),0x2))",
"path-066", "LNot(Equal(Sub(0x3,And(CombineMulti(0x3,gpa_B1,gpa_B2,gpa_B3,),0x7))))",
"path-067", "LNot(Equal(Sub(And(CombineMulti(0x3,gpa_B1,gpa_B2,gpa_B3,),0x7),0x3)))",
"path-068", "Uge(And(CombineMulti(0x3,gpa_B1,gpa_B2,gpa_B3,),0x7),0x5)",
"path-069", "Equal(Sub(And(CombineMulti(0x3,gpa_B1,gpa_B2,gpa_B3,),0x7),0x4))",
"path-070", "Equal(And(Extract(And(Or(epte,Shl(0x1,0xb)),Not(Shl(0x1,0x34))),1,2),0x8))",
"path-071", "Equal(And(Add(0xffffa00200106000,Mul(CombineMulti(And(Extract(LShr(And(CombineMulti(0x3,gpa_B1,gpa_B2,gpa_B3,gpa_B4_7,),0xffffffffff000),0x27),0,4),0x1ff),0x0,0x0,0x0,0x0,),0x8)),Add(0xffffa00200106000,Mul(CombineMulti(And(Extract(LShr(And(CombineMulti(0x3,gpa_B1,gpa_B2,gpa_B3,gpa_B4_7,),0xffffffffff000),0x27),0,4),0x1ff),0x0,0x0,0x0,0x0,),0x8))))",
"path-072", "Ugt(Extract(Sub(LShr(Sub(Add(0xffffa00200106000,Mul(CombineMulti(And(Extract(LShr(And(CombineMulti(0x3,gpa_B1,gpa_B2,gpa_B3,gpa_B4_7,),0xffffffffff000),0x27),0,4),0x1ff),0x0,0x0,0x0,0x0,),0x8)),0xffffa00200000000),0xc),0x100),0,2),0x5d)",
"path-073", "Equal(Sub(Extract(Sub(LShr(Sub(Add(0xffffa00200106000,Mul(CombineMulti(And(Extract(LShr(And(CombineMulti(0x3,gpa_B1,gpa_B2,gpa_B3,gpa_B4_7,),0xffffffffff000),0x27),0,4),0x1ff),0x0,0x0,0x0,0x0,),0x8)),0xffffa00200000000),0xc),0x100),0,2),0x0))",
"path-074", "Equal(Sub(Extract(Sub(LShr(Sub(Add(0xffffa00200106000,Mul(CombineMulti(And(Extract(LShr(And(CombineMulti(0x3,gpa_B1,gpa_B2,gpa_B3,gpa_B4_7,),0xffffffffff000),0x27),0,4),0x1ff),0x0,0x0,0x0,0x0,),0x8)),0xffffa00200000000),0xc),0x100),0,2),0x1))",
"path-075", "Equal(Sub(Extract(Sub(LShr(Sub(Add(0xffffa00200106000,Mul(CombineMulti(And(Extract(LShr(And(CombineMulti(0x3,gpa_B1,gpa_B2,gpa_B3,gpa_B4_7,),0xffffffffff000),0x27),0,4),0x1ff),0x0,0x0,0x0,0x0,),0x8)),0xffffa00200000000),0xc),0x100),0,2),0x2))",
"path-077", "Equal(And(Extract(And(Or(epte,Shl(0x1,0xb)),Not(Shl(0x1,0x34))),1,2),0x8))",
"path-078", "Equal(And(Add(0xffffa00200106000,Mul(CombineMulti(And(Extract(LShr(And(CombineMulti(0x3,gpa_B1,gpa_B2,gpa_B3,gpa_B4_7,),0xffffffffff000),0x27),0,4),0x1ff),0x0,0x0,0x0,0x0,),0x8)),Add(0xffffa00200106000,Mul(CombineMulti(And(Extract(LShr(And(CombineMulti(0x3,gpa_B1,gpa_B2,gpa_B3,gpa_B4_7,),0xffffffffff000),0x27),0,4),0x1ff),0x0,0x0,0x0,0x0,),0x8))))",
"path-079", "Ugt(Extract(Sub(LShr(Sub(Add(0xffffa00200106000,Mul(CombineMulti(And(Extract(LShr(And(CombineMulti(0x3,gpa_B1,gpa_B2,gpa_B3,gpa_B4_7,),0xffffffffff000),0x27),0,4),0x1ff),0x0,0x0,0x0,0x0,),0x8)),0xffffa00200000000),0xc),0x100),0,2),0x5d)",
"path-080", "Equal(Sub(Extract(Sub(LShr(Sub(Add(0xffffa00200106000,Mul(CombineMulti(And(Extract(LShr(And(CombineMulti(0x3,gpa_B1,gpa_B2,gpa_B3,gpa_B4_7,),0xffffffffff000),0x27),0,4),0x1ff),0x0,0x0,0x0,0x0,),0x8)),0xffffa00200000000),0xc),0x100),0,2),0x0))",
"path-081", "Equal(Sub(Extract(Sub(LShr(Sub(Add(0xffffa00200106000,Mul(CombineMulti(And(Extract(LShr(And(CombineMulti(0x3,gpa_B1,gpa_B2,gpa_B3,gpa_B4_7,),0xffffffffff000),0x27),0,4),0x1ff),0x0,0x0,0x0,0x0,),0x8)),0xffffa00200000000),0xc),0x100),0,2),0x1))",
"path-082", "Equal(Sub(Extract(Sub(LShr(Sub(Add(0xffffa00200106000,Mul(CombineMulti(And(Extract(LShr(And(CombineMulti(0x3,gpa_B1,gpa_B2,gpa_B3,gpa_B4_7,),0xffffffffff000),0x27),0,4),0x1ff),0x0,0x0,0x0,0x0,),0x8)),0xffffa00200000000),0xc),0x100),0,2),0x2))",
"path-084", "Equal(And(Extract(And(Or(epte,Shl(0x1,0xb)),Not(Shl(0x1,0x34))),1,2),0x8))",
"path-085", "Equal(And(Add(0xffffa00200106000,Mul(CombineMulti(And(Extract(LShr(And(CombineMulti(0x3,gpa_B1,gpa_B2,gpa_B3,gpa_B4_7,),0xffffffffff000),0x27),0,4),0x1ff),0x0,0x0,0x0,0x0,),0x8)),Add(0xffffa00200106000,Mul(CombineMulti(And(Extract(LShr(And(CombineMulti(0x3,gpa_B1,gpa_B2,gpa_B3,gpa_B4_7,),0xffffffffff000),0x27),0,4),0x1ff),0x0,0x0,0x0,0x0,),0x8))))",
"path-086", "Ugt(Extract(Sub(LShr(Sub(Add(0xffffa00200106000,Mul(CombineMulti(And(Extract(LShr(And(CombineMulti(0x3,gpa_B1,gpa_B2,gpa_B3,gpa_B4_7,),0xffffffffff000),0x27),0,4),0x1ff),0x0,0x0,0x0,0x0,),0x8)),0xffffa00200000000),0xc),0x100),0,2),0x5d)",
"path-087", "Equal(Sub(Extract(Sub(LShr(Sub(Add(0xffffa00200106000,Mul(CombineMulti(And(Extract(LShr(And(CombineMulti(0x3,gpa_B1,gpa_B2,gpa_B3,gpa_B4_7,),0xffffffffff000),0x27),0,4),0x1ff),0x0,0x0,0x0,0x0,),0x8)),0xffffa00200000000),0xc),0x100),0,2),0x0))",
"path-088", "Equal(Sub(Extract(Sub(LShr(Sub(Add(0xffffa00200106000,Mul(CombineMulti(And(Extract(LShr(And(CombineMulti(0x3,gpa_B1,gpa_B2,gpa_B3,gpa_B4_7,),0xffffffffff000),0x27),0,4),0x1ff),0x0,0x0,0x0,0x0,),0x8)),0xffffa00200000000),0xc),0x100),0,2),0x1))",
"path-089", "Equal(Sub(Extract(Sub(LShr(Sub(Add(0xffffa00200106000,Mul(CombineMulti(And(Extract(LShr(And(CombineMulti(0x3,gpa_B1,gpa_B2,gpa_B3,gpa_B4_7,),0xffffffffff000),0x27),0,4),0x1ff),0x0,0x0,0x0,0x0,),0x8)),0xffffa00200000000),0xc),0x100),0,2),0x2))",
"path-091", "Equal(And(Extract(And(Or(epte,Shl(0x1,0xb)),Not(Shl(0x1,0x34))),1,2),0x8))",
"path-092", "Equal(And(Add(0xffffa00200106000,Mul(CombineMulti(And(Extract(LShr(And(CombineMulti(0x3,gpa_B1,gpa_B2,gpa_B3,gpa_B4_7,),0xffffffffff000),0x27),0,4),0x1ff),0x0,0x0,0x0,0x0,),0x8)),Add(0xffffa00200106000,Mul(CombineMulti(And(Extract(LShr(And(CombineMulti(0x3,gpa_B1,gpa_B2,gpa_B3,gpa_B4_7,),0xffffffffff000),0x27),0,4),0x1ff),0x0,0x0,0x0,0x0,),0x8))))",
"path-093", "Ugt(Extract(Sub(LShr(Sub(Add(0xffffa00200106000,Mul(CombineMulti(And(Extract(LShr(And(CombineMulti(0x3,gpa_B1,gpa_B2,gpa_B3,gpa_B4_7,),0xffffffffff000),0x27),0,4),0x1ff),0x0,0x0,0x0,0x0,),0x8)),0xffffa00200000000),0xc),0x100),0,2),0x5d)",
"path-094", "Equal(Sub(Extract(Sub(LShr(Sub(Add(0xffffa00200106000,Mul(CombineMulti(And(Extract(LShr(And(CombineMulti(0x3,gpa_B1,gpa_B2,gpa_B3,gpa_B4_7,),0xffffffffff000),0x27),0,4),0x1ff),0x0,0x0,0x0,0x0,),0x8)),0xffffa00200000000),0xc),0x100),0,2),0x0))",
"path-095", "Equal(Sub(Extract(Sub(LShr(Sub(Add(0xffffa00200106000,Mul(CombineMulti(And(Extract(LShr(And(CombineMulti(0x3,gpa_B1,gpa_B2,gpa_B3,gpa_B4_7,),0xffffffffff000),0x27),0,4),0x1ff),0x0,0x0,0x0,0x0,),0x8)),0xffffa00200000000),0xc),0x100),0,2),0x1))",
"path-096", "Equal(Sub(Extract(Sub(LShr(Sub(Add(0xffffa00200106000,Mul(CombineMulti(And(Extract(LShr(And(CombineMulti(0x3,gpa_B1,gpa_B2,gpa_B3,gpa_B4_7,),0xffffffffff000),0x27),0,4),0x1ff),0x0,0x0,0x0,0x0,),0x8)),0xffffa00200000000),0xc),0x100),0,2),0x2))",
"path-098", "Equal(And(Extract(And(Or(epte,Shl(0x1,0xb)),Not(Shl(0x1,0x34))),1,2),0x8))",
"path-099", "Equal(And(Add(0xffffa00200106000,Mul(CombineMulti(And(Extract(LShr(And(CombineMulti(0x3,gpa_B1,gpa_B2,gpa_B3,gpa_B4_7,),0xffffffffff000),0x27),0,4),0x1ff),0x0,0x0,0x0,0x0,),0x8)),Add(0xffffa00200106000,Mul(CombineMulti(And(Extract(LShr(And(CombineMulti(0x3,gpa_B1,gpa_B2,gpa_B3,gpa_B4_7,),0xffffffffff000),0x27),0,4),0x1ff),0x0,0x0,0x0,0x0,),0x8))))",
"path-100", "Ugt(Extract(Sub(LShr(Sub(Add(0xffffa00200106000,Mul(CombineMulti(And(Extract(LShr(And(CombineMulti(0x3,gpa_B1,gpa_B2,gpa_B3,gpa_B4_7,),0xffffffffff000),0x27),0,4),0x1ff),0x0,0x0,0x0,0x0,),0x8)),0xffffa00200000000),0xc),0x100),0,2),0x5d)",
"path-101", "Equal(Sub(Extract(Sub(LShr(Sub(Add(0xffffa00200106000,Mul(CombineMulti(And(Extract(LShr(And(CombineMulti(0x3,gpa_B1,gpa_B2,gpa_B3,gpa_B4_7,),0xffffffffff000),0x27),0,4),0x1ff),0x0,0x0,0x0,0x0,),0x8)),0xffffa00200000000),0xc),0x100),0,2),0x0))",
"path-102", "Equal(Sub(Extract(Sub(LShr(Sub(Add(0xffffa00200106000,Mul(CombineMulti(And(Extract(LShr(And(CombineMulti(0x3,gpa_B1,gpa_B2,gpa_B3,gpa_B4_7,),0xffffffffff000),0x27),0,4),0x1ff),0x0,0x0,0x0,0x0,),0x8)),0xffffa00200000000),0xc),0x100),0,2),0x1))",
"path-103", "Equal(Sub(Extract(Sub(LShr(Sub(Add(0xffffa00200106000,Mul(CombineMulti(And(Extract(LShr(And(CombineMulti(0x3,gpa_B1,gpa_B2,gpa_B3,gpa_B4_7,),0xffffffffff000),0x27),0,4),0x1ff),0x0,0x0,0x0,0x0,),0x8)),0xffffa00200000000),0xc),0x100),0,2),0x2))",
"path-105", "LNot(Distinct(Sub(And(0x1e00000000002c0,And(Or(epte,Shl(0x1,0xb)),Not(Shl(0x1,0x34)))),0xe0000000000000)))",
"path-106", "Equal(And(Add(0xffffa00200106000,Mul(CombineMulti(And(Extract(LShr(And(CombineMulti(0x3,gpa_B1,gpa_B2,gpa_B3,gpa_B4_7,),0xffffffffff000),0x27),0,4),0x1ff),0x0,0x0,0x0,0x0,),0x8)),Add(0xffffa00200106000,Mul(CombineMulti(And(Extract(LShr(And(CombineMulti(0x3,gpa_B1,gpa_B2,gpa_B3,gpa_B4_7,),0xffffffffff000),0x27),0,4),0x1ff),0x0,0x0,0x0,0x0,),0x8))))",
"path-107", "Ugt(Extract(Sub(LShr(Sub(Add(0xffffa00200106000,Mul(CombineMulti(And(Extract(LShr(And(CombineMulti(0x3,gpa_B1,gpa_B2,gpa_B3,gpa_B4_7,),0xffffffffff000),0x27),0,4),0x1ff),0x0,0x0,0x0,0x0,),0x8)),0xffffa00200000000),0xc),0x100),0,2),0x5d)",
"path-108", "Equal(Sub(Extract(Sub(LShr(Sub(Add(0xffffa00200106000,Mul(CombineMulti(And(Extract(LShr(And(CombineMulti(0x3,gpa_B1,gpa_B2,gpa_B3,gpa_B4_7,),0xffffffffff000),0x27),0,4),0x1ff),0x0,0x0,0x0,0x0,),0x8)),0xffffa00200000000),0xc),0x100),0,2),0x0))",
"path-109", "Equal(Sub(Extract(Sub(LShr(Sub(Add(0xffffa00200106000,Mul(CombineMulti(And(Extract(LShr(And(CombineMulti(0x3,gpa_B1,gpa_B2,gpa_B3,gpa_B4_7,),0xffffffffff000),0x27),0,4),0x1ff),0x0,0x0,0x0,0x0,),0x8)),0xffffa00200000000),0xc),0x100),0,2),0x1))",
"path-110", "Equal(Sub(Extract(Sub(LShr(Sub(Add(0xffffa00200106000,Mul(CombineMulti(And(Extract(LShr(And(CombineMulti(0x3,gpa_B1,gpa_B2,gpa_B3,gpa_B4_7,),0xffffffffff000),0x27),0,4),0x1ff),0x0,0x0,0x0,0x0,),0x8)),0xffffa00200000000),0xc),0x100),0,2),0x2))",
"path-111", "Equal(Sub(Extract(ZeroEXT(Extract(Sub(LShr(Sub(Add(0xffffa00200106000,Mul(CombineMulti(And(Extract(LShr(And(CombineMulti(0x3,gpa_B1,gpa_B2,gpa_B3,gpa_B4_7,),0xffffffffff000),0x27),0,4),0x1ff),0x0,0x0,0x0,0x0,),0x8)),0xffffa00200000000),0xc),0x100),0,2)),0,2),0xffffffffffffffff))",
"path-113", "Equal(And(Add(0xffffa00200106000,Mul(CombineMulti(And(Extract(LShr(And(CombineMulti(0x3,gpa_B1,gpa_B2,gpa_B3,gpa_B4_7,),0xffffffffff000),0x27),0,4),0x1ff),0x0,0x0,0x0,0x0,),0x8)),Add(0xffffa00200106000,Mul(CombineMulti(And(Extract(LShr(And(CombineMulti(0x3,gpa_B1,gpa_B2,gpa_B3,gpa_B4_7,),0xffffffffff000),0x27),0,4),0x1ff),0x0,0x0,0x0,0x0,),0x8))))",
"path-114", "Ugt(Extract(Sub(LShr(Sub(Add(0xffffa00200106000,Mul(CombineMulti(And(Extract(LShr(And(CombineMulti(0x3,gpa_B1,gpa_B2,gpa_B3,gpa_B4_7,),0xffffffffff000),0x27),0,4),0x1ff),0x0,0x0,0x0,0x0,),0x8)),0xffffa00200000000),0xc),0x100),0,2),0x5d)",
"path-115", "Equal(Sub(Extract(Sub(LShr(Sub(Add(0xffffa00200106000,Mul(CombineMulti(And(Extract(LShr(And(CombineMulti(0x3,gpa_B1,gpa_B2,gpa_B3,gpa_B4_7,),0xffffffffff000),0x27),0,4),0x1ff),0x0,0x0,0x0,0x0,),0x8)),0xffffa00200000000),0xc),0x100),0,2),0x0))",
"path-116", "Equal(Sub(Extract(Sub(LShr(Sub(Add(0xffffa00200106000,Mul(CombineMulti(And(Extract(LShr(And(CombineMulti(0x3,gpa_B1,gpa_B2,gpa_B3,gpa_B4_7,),0xffffffffff000),0x27),0,4),0x1ff),0x0,0x0,0x0,0x0,),0x8)),0xffffa00200000000),0xc),0x100),0,2),0x1))",
"path-117", "Equal(Sub(Extract(Sub(LShr(Sub(Add(0xffffa00200106000,Mul(CombineMulti(And(Extract(LShr(And(CombineMulti(0x3,gpa_B1,gpa_B2,gpa_B3,gpa_B4_7,),0xffffffffff000),0x27),0,4),0x1ff),0x0,0x0,0x0,0x0,),0x8)),0xffffa00200000000),0xc),0x100),0,2),0x2))",
"path-119", "Equal(And(Add(0xffffa00200106000,Mul(CombineMulti(And(Extract(LShr(And(CombineMulti(0x3,gpa_B1,gpa_B2,gpa_B3,gpa_B4_7,),0xffffffffff000),0x27),0,4),0x1ff),0x0,0x0,0x0,0x0,),0x8)),Add(0xffffa00200106000,Mul(CombineMulti(And(Extract(LShr(And(CombineMulti(0x3,gpa_B1,gpa_B2,gpa_B3,gpa_B4_7,),0xffffffffff000),0x27),0,4),0x1ff),0x0,0x0,0x0,0x0,),0x8))))",
"path-120", "Ugt(Extract(Sub(LShr(Sub(Add(0xffffa00200106000,Mul(CombineMulti(And(Extract(LShr(And(CombineMulti(0x3,gpa_B1,gpa_B2,gpa_B3,gpa_B4_7,),0xffffffffff000),0x27),0,4),0x1ff),0x0,0x0,0x0,0x0,),0x8)),0xffffa00200000000),0xc),0x100),0,2),0x5d)",
"path-121", "Equal(Sub(Extract(Sub(LShr(Sub(Add(0xffffa00200106000,Mul(CombineMulti(And(Extract(LShr(And(CombineMulti(0x3,gpa_B1,gpa_B2,gpa_B3,gpa_B4_7,),0xffffffffff000),0x27),0,4),0x1ff),0x0,0x0,0x0,0x0,),0x8)),0xffffa00200000000),0xc),0x100),0,2),0x0))",
"path-122", "Equal(Sub(Extract(Sub(LShr(Sub(Add(0xffffa00200106000,Mul(CombineMulti(And(Extract(LShr(And(CombineMulti(0x3,gpa_B1,gpa_B2,gpa_B3,gpa_B4_7,),0xffffffffff000),0x27),0,4),0x1ff),0x0,0x0,0x0,0x0,),0x8)),0xffffa00200000000),0xc),0x100),0,2),0x1))",
"path-123", "Equal(Sub(Extract(Sub(LShr(Sub(Add(0xffffa00200106000,Mul(CombineMulti(And(Extract(LShr(And(CombineMulti(0x3,gpa_B1,gpa_B2,gpa_B3,gpa_B4_7,),0xffffffffff000),0x27),0,4),0x1ff),0x0,0x0,0x0,0x0,),0x8)),0xffffa00200000000),0xc),0x100),0,2),0x2))",
"path-125", "Equal(And(Add(0xffffa00200106000,Mul(CombineMulti(And(Extract(LShr(And(CombineMulti(0x3,gpa_B1,gpa_B2,gpa_B3,gpa_B4_7,),0xffffffffff000),0x27),0,4),0x1ff),0x0,0x0,0x0,0x0,),0x8)),Add(0xffffa00200106000,Mul(CombineMulti(And(Extract(LShr(And(CombineMulti(0x3,gpa_B1,gpa_B2,gpa_B3,gpa_B4_7,),0xffffffffff000),0x27),0,4),0x1ff),0x0,0x0,0x0,0x0,),0x8))))",
"path-126", "Ugt(Extract(Sub(LShr(Sub(Add(0xffffa00200106000,Mul(CombineMulti(And(Extract(LShr(And(CombineMulti(0x3,gpa_B1,gpa_B2,gpa_B3,gpa_B4_7,),0xffffffffff000),0x27),0,4),0x1ff),0x0,0x0,0x0,0x0,),0x8)),0xffffa00200000000),0xc),0x100),0,2),0x5d)",
"path-127", "Equal(Sub(Extract(Sub(LShr(Sub(Add(0xffffa00200106000,Mul(CombineMulti(And(Extract(LShr(And(CombineMulti(0x3,gpa_B1,gpa_B2,gpa_B3,gpa_B4_7,),0xffffffffff000),0x27),0,4),0x1ff),0x0,0x0,0x0,0x0,),0x8)),0xffffa00200000000),0xc),0x100),0,2),0x0))",
"path-128", "Equal(Sub(Extract(Sub(LShr(Sub(Add(0xffffa00200106000,Mul(CombineMulti(And(Extract(LShr(And(CombineMulti(0x3,gpa_B1,gpa_B2,gpa_B3,gpa_B4_7,),0xffffffffff000),0x27),0,4),0x1ff),0x0,0x0,0x0,0x0,),0x8)),0xffffa00200000000),0xc),0x100),0,2),0x1))",
"path-129", "Equal(Sub(Extract(Sub(LShr(Sub(Add(0xffffa00200106000,Mul(CombineMulti(And(Extract(LShr(And(CombineMulti(0x3,gpa_B1,gpa_B2,gpa_B3,gpa_B4_7,),0xffffffffff000),0x27),0,4),0x1ff),0x0,0x0,0x0,0x0,),0x8)),0xffffa00200000000),0xc),0x100),0,2),0x2))",
"path-131", "LNot(Equal(Sub(0x3,And(CombineMulti(0x3,gpa_B1,gpa_B2,gpa_B3,),0x7))))",
"path-132", "LNot(Equal(Sub(And(CombineMulti(0x3,gpa_B1,gpa_B2,gpa_B3,),0x7),0x3)))",
