"path-000", "Ult(And(CombineMulti(0x2,gpa_B1,gpa_B2,gpa_B3,),0x7),0x1)",
"path-001", "Ugt(And(CombineMulti(0x2,gpa_B1,gpa_B2,gpa_B3,),0x7),0x4)",
"path-003", "Uge(And(CombineMulti(0x2,gpa_B1,gpa_B2,gpa_B3,),0x7),0x5)",
"path-004", "Equal(Sub(And(CombineMulti(0x2,gpa_B1,gpa_B2,gpa_B3,),0x7),0x4))",
"path-005", "Equal(Sub(And(CombineMulti(0x2,gpa_B1,gpa_B2,gpa_B3,),0x7),0x3))",
"path-006", "Equal(And(Extract(And(Or(epte,Shl(0x1,0xb)),Not(Shl(0x1,0x34))),1,2),0x8))",
"path-007", "Equal(And(Add(0xffffa00200107000,Mul(CombineMulti(And(Extract(LShr(And(CombineMulti(0x2,gpa_B1,gpa_B2,gpa_B3,gpa_B4_7,),0xffffffffff000),0x1e),0,4),0x1ff),0x0,0x0,0x0,0x0,),0x8)),Add(0xffffa00200107000,Mul(CombineMulti(And(Extract(LShr(And(CombineMulti(0x2,gpa_B1,gpa_B2,gpa_B3,gpa_B4_7,),0xffffffffff000),0x1e),0,4),0x1ff),0x0,0x0,0x0,0x0,),0x8))))",
"path-008", "Ugt(Extract(Sub(LShr(Sub(Add(0xffffa00200107000,Mul(CombineMulti(And(Extract(LShr(And(CombineMulti(0x2,gpa_B1,gpa_B2,gpa_B3,gpa_B4_7,),0xffffffffff000),0x1e),0,4),0x1ff),0x0,0x0,0x0,0x0,),0x8)),0xffffa00200000000),0xc),0x100),0,2),0x5d)",
"path-009", "Equal(Sub(Extract(Sub(LShr(Sub(Add(0xffffa00200107000,Mul(CombineMulti(And(Extract(LShr(And(CombineMulti(0x2,gpa_B1,gpa_B2,gpa_B3,gpa_B4_7,),0xffffffffff000),0x1e),0,4),0x1ff),0x0,0x0,0x0,0x0,),0x8)),0xffffa00200000000),0xc),0x100),0,2),0x0))",
"path-010", "Equal(Sub(Extract(Sub(LShr(Sub(Add(0xffffa00200107000,Mul(CombineMulti(And(Extract(LShr(And(CombineMulti(0x2,gpa_B1,gpa_B2,gpa_B3,gpa_B4_7,),0xffffffffff000),0x1e),0,4),0x1ff),0x0,0x0,0x0,0x0,),0x8)),0xffffa00200000000),0xc),0x100),0,2),0x1))",
"path-011", "Equal(Sub(Extract(Sub(LShr(Sub(Add(0xffffa00200107000,Mul(CombineMulti(And(Extract(LShr(And(CombineMulti(0x2,gpa_B1,gpa_B2,gpa_B3,gpa_B4_7,),0xffffffffff000),0x1e),0,4),0x1ff),0x0,0x0,0x0,0x0,),0x8)),0xffffa00200000000),0xc),0x100),0,2),0x2))",
"path-013", "Equal(And(Extract(And(Or(epte,Shl(0x1,0xb)),Not(Shl(0x1,0x34))),1,2),0x8))",
"path-014", "Equal(And(Add(0xffffa00200107000,Mul(CombineMulti(And(Extract(LShr(And(CombineMulti(0x2,gpa_B1,gpa_B2,gpa_B3,gpa_B4_7,),0xffffffffff000),0x1e),0,4),0x1ff),0x0,0x0,0x0,0x0,),0x8)),Add(0xffffa00200107000,Mul(CombineMulti(And(Extract(LShr(And(CombineMulti(0x2,gpa_B1,gpa_B2,gpa_B3,gpa_B4_7,),0xffffffffff000),0x1e),0,4),0x1ff),0x0,0x0,0x0,0x0,),0x8))))",
"path-015", "Ugt(Extract(Sub(LShr(Sub(Add(0xffffa00200107000,Mul(CombineMulti(And(Extract(LShr(And(CombineMulti(0x2,gpa_B1,gpa_B2,gpa_B3,gpa_B4_7,),0xffffffffff000),0x1e),0,4),0x1ff),0x0,0x0,0x0,0x0,),0x8)),0xffffa00200000000),0xc),0x100),0,2),0x5d)",
"path-016", "Equal(Sub(Extract(Sub(LShr(Sub(Add(0xffffa00200107000,Mul(CombineMulti(And(Extract(LShr(And(CombineMulti(0x2,gpa_B1,gpa_B2,gpa_B3,gpa_B4_7,),0xffffffffff000),0x1e),0,4),0x1ff),0x0,0x0,0x0,0x0,),0x8)),0xffffa00200000000),0xc),0x100),0,2),0x0))",
"path-017", "Equal(Sub(Extract(Sub(LShr(Sub(Add(0xffffa00200107000,Mul(CombineMulti(And(Extract(LShr(And(CombineMulti(0x2,gpa_B1,gpa_B2,gpa_B3,gpa_B4_7,),0xffffffffff000),0x1e),0,4),0x1ff),0x0,0x0,0x0,0x0,),0x8)),0xffffa00200000000),0xc),0x100),0,2),0x1))",
"path-018", "Equal(Sub(Extract(Sub(LShr(Sub(Add(0xffffa00200107000,Mul(CombineMulti(And(Extract(LShr(And(CombineMulti(0x2,gpa_B1,gpa_B2,gpa_B3,gpa_B4_7,),0xffffffffff000),0x1e),0,4),0x1ff),0x0,0x0,0x0,0x0,),0x8)),0xffffa00200000000),0xc),0x100),0,2),0x2))",
"path-020", "Equal(And(Extract(And(Or(epte,Shl(0x1,0xb)),Not(Shl(0x1,0x34))),1,2),0x8))",
"path-021", "Equal(And(Add(0xffffa00200107000,Mul(CombineMulti(And(Extract(LShr(And(CombineMulti(0x2,gpa_B1,gpa_B2,gpa_B3,gpa_B4_7,),0xffffffffff000),0x1e),0,4),0x1ff),0x0,0x0,0x0,0x0,),0x8)),Add(0xffffa00200107000,Mul(CombineMulti(And(Extract(LShr(And(CombineMulti(0x2,gpa_B1,gpa_B2,gpa_B3,gpa_B4_7,),0xffffffffff000),0x1e),0,4),0x1ff),0x0,0x0,0x0,0x0,),0x8))))",
"path-022", "Ugt(Extract(Sub(LShr(Sub(Add(0xffffa00200107000,Mul(CombineMulti(And(Extract(LShr(And(CombineMulti(0x2,gpa_B1,gpa_B2,gpa_B3,gpa_B4_7,),0xffffffffff000),0x1e),0,4),0x1ff),0x0,0x0,0x0,0x0,),0x8)),0xffffa00200000000),0xc),0x100),0,2),0x5d)",
"path-023", "Equal(Sub(Extract(Sub(LShr(Sub(Add(0xffffa00200107000,Mul(CombineMulti(And(Extract(LShr(And(CombineMulti(0x2,gpa_B1,gpa_B2,gpa_B3,gpa_B4_7,),0xffffffffff000),0x1e),0,4),0x1ff),0x0,0x0,0x0,0x0,),0x8)),0xffffa00200000000),0xc),0x100),0,2),0x0))",
"path-024", "Equal(Sub(Extract(Sub(LShr(Sub(Add(0xffffa00200107000,Mul(CombineMulti(And(Extract(LShr(And(CombineMulti(0x2,gpa_B1,gpa_B2,gpa_B3,gpa_B4_7,),0xffffffffff000),0x1e),0,4),0x1ff),0x0,0x0,0x0,0x0,),0x8)),0xffffa00200000000),0xc),0x100),0,2),0x1))",
"path-025", "Equal(Sub(Extract(Sub(LShr(Sub(Add(0xffffa00200107000,Mul(CombineMulti(And(Extract(LShr(And(CombineMulti(0x2,gpa_B1,gpa_B2,gpa_B3,gpa_B4_7,),0xffffffffff000),0x1e),0,4),0x1ff),0x0,0x0,0x0,0x0,),0x8)),0xffffa00200000000),0xc),0x100),0,2),0x2))",
"path-027", "Equal(And(Extract(And(Or(epte,Shl(0x1,0xb)),Not(Shl(0x1,0x34))),1,2),0x8))",
"path-028", "Equal(And(Add(0xffffa00200107000,Mul(CombineMulti(And(Extract(LShr(And(CombineMulti(0x2,gpa_B1,gpa_B2,gpa_B3,gpa_B4_7,),0xffffffffff000),0x1e),0,4),0x1ff),0x0,0x0,0x0,0x0,),0x8)),Add(0xffffa00200107000,Mul(CombineMulti(And(Extract(LShr(And(CombineMulti(0x2,gpa_B1,gpa_B2,gpa_B3,gpa_B4_7,),0xffffffffff000),0x1e),0,4),0x1ff),0x0,0x0,0x0,0x0,),0x8))))",
"path-029", "Ugt(Extract(Sub(LShr(Sub(Add(0xffffa00200107000,Mul(CombineMulti(And(Extract(LShr(And(CombineMulti(0x2,gpa_B1,gpa_B2,gpa_B3,gpa_B4_7,),0xffffffffff000),0x1e),0,4),0x1ff),0x0,0x0,0x0,0x0,),0x8)),0xffffa00200000000),0xc),0x100),0,2),0x5d)",
"path-030", "Equal(Sub(Extract(Sub(LShr(Sub(Add(0xffffa00200107000,Mul(CombineMulti(And(Extract(LShr(And(CombineMulti(0x2,gpa_B1,gpa_B2,gpa_B3,gpa_B4_7,),0xffffffffff000),0x1e),0,4),0x1ff),0x0,0x0,0x0,0x0,),0x8)),0xffffa00200000000),0xc),0x100),0,2),0x0))",
"path-031", "Equal(Sub(Extract(Sub(LShr(Sub(Add(0xffffa00200107000,Mul(CombineMulti(And(Extract(LShr(And(CombineMulti(0x2,gpa_B1,gpa_B2,gpa_B3,gpa_B4_7,),0xffffffffff000),0x1e),0,4),0x1ff),0x0,0x0,0x0,0x0,),0x8)),0xffffa00200000000),0xc),0x100),0,2),0x1))",
"path-032", "Equal(Sub(Extract(Sub(LShr(Sub(Add(0xffffa00200107000,Mul(CombineMulti(And(Extract(LShr(And(CombineMulti(0x2,gpa_B1,gpa_B2,gpa_B3,gpa_B4_7,),0xffffffffff000),0x1e),0,4),0x1ff),0x0,0x0,0x0,0x0,),0x8)),0xffffa00200000000),0xc),0x100),0,2),0x2))",
"path-034", "Equal(And(Extract(And(Or(epte,Shl(0x1,0xb)),Not(Shl(0x1,0x34))),1,2),0x8))",
"path-035", "Equal(And(Add(0xffffa00200107000,Mul(CombineMulti(And(Extract(LShr(And(CombineMulti(0x2,gpa_B1,gpa_B2,gpa_B3,gpa_B4_7,),0xffffffffff000),0x1e),0,4),0x1ff),0x0,0x0,0x0,0x0,),0x8)),Add(0xffffa00200107000,Mul(CombineMulti(And(Extract(LShr(And(CombineMulti(0x2,gpa_B1,gpa_B2,gpa_B3,gpa_B4_7,),0xffffffffff000),0x1e),0,4),0x1ff),0x0,0x0,0x0,0x0,),0x8))))",
"path-036", "Ugt(Extract(Sub(LShr(Sub(Add(0xffffa00200107000,Mul(CombineMulti(And(Extract(LShr(And(CombineMulti(0x2,gpa_B1,gpa_B2,gpa_B3,gpa_B4_7,),0xffffffffff000),0x1e),0,4),0x1ff),0x0,0x0,0x0,0x0,),0x8)),0xffffa00200000000),0xc),0x100),0,2),0x5d)",
"path-037", "Equal(Sub(Extract(Sub(LShr(Sub(Add(0xffffa00200107000,Mul(CombineMulti(And(Extract(LShr(And(CombineMulti(0x2,gpa_B1,gpa_B2,gpa_B3,gpa_B4_7,),0xffffffffff000),0x1e),0,4),0x1ff),0x0,0x0,0x0,0x0,),0x8)),0xffffa00200000000),0xc),0x100),0,2),0x0))",
"path-038", "Equal(Sub(Extract(Sub(LShr(Sub(Add(0xffffa00200107000,Mul(CombineMulti(And(Extract(LShr(And(CombineMulti(0x2,gpa_B1,gpa_B2,gpa_B3,gpa_B4_7,),0xffffffffff000),0x1e),0,4),0x1ff),0x0,0x0,0x0,0x0,),0x8)),0xffffa00200000000),0xc),0x100),0,2),0x1))",
"path-039", "Equal(Sub(Extract(Sub(LShr(Sub(Add(0xffffa00200107000,Mul(CombineMulti(And(Extract(LShr(And(CombineMulti(0x2,gpa_B1,gpa_B2,gpa_B3,gpa_B4_7,),0xffffffffff000),0x1e),0,4),0x1ff),0x0,0x0,0x0,0x0,),0x8)),0xffffa00200000000),0xc),0x100),0,2),0x2))",
"path-041", "LNot(Distinct(Sub(And(0x1e00000000002c0,And(Or(epte,Shl(0x1,0xb)),Not(Shl(0x1,0x34)))),0xe0000000000000)))",
"path-042", "Equal(And(Add(0xffffa00200107000,Mul(CombineMulti(And(Extract(LShr(And(CombineMulti(0x2,gpa_B1,gpa_B2,gpa_B3,gpa_B4_7,),0xffffffffff000),0x1e),0,4),0x1ff),0x0,0x0,0x0,0x0,),0x8)),Add(0xffffa00200107000,Mul(CombineMulti(And(Extract(LShr(And(CombineMulti(0x2,gpa_B1,gpa_B2,gpa_B3,gpa_B4_7,),0xffffffffff000),0x1e),0,4),0x1ff),0x0,0x0,0x0,0x0,),0x8))))",
"path-043", "Ugt(Extract(Sub(LShr(Sub(Add(0xffffa00200107000,Mul(CombineMulti(And(Extract(LShr(And(CombineMulti(0x2,gpa_B1,gpa_B2,gpa_B3,gpa_B4_7,),0xffffffffff000),0x1e),0,4),0x1ff),0x0,0x0,0x0,0x0,),0x8)),0xffffa00200000000),0xc),0x100),0,2),0x5d)",
"path-044", "Equal(Sub(Extract(Sub(LShr(Sub(Add(0xffffa00200107000,Mul(CombineMulti(And(Extract(LShr(And(CombineMulti(0x2,gpa_B1,gpa_B2,gpa_B3,gpa_B4_7,),0xffffffffff000),0x1e),0,4),0x1ff),0x0,0x0,0x0,0x0,),0x8)),0xffffa00200000000),0xc),0x100),0,2),0x0))",
"path-045", "Equal(Sub(Extract(Sub(LShr(Sub(Add(0xffffa00200107000,Mul(CombineMulti(And(Extract(LShr(And(CombineMulti(0x2,gpa_B1,gpa_B2,gpa_B3,gpa_B4_7,),0xffffffffff000),0x1e),0,4),0x1ff),0x0,0x0,0x0,0x0,),0x8)),0xffffa00200000000),0xc),0x100),0,2),0x1))",
"path-046", "Equal(Sub(Extract(Sub(LShr(Sub(Add(0xffffa00200107000,Mul(CombineMulti(And(Extract(LShr(And(CombineMulti(0x2,gpa_B1,gpa_B2,gpa_B3,gpa_B4_7,),0xffffffffff000),0x1e),0,4),0x1ff),0x0,0x0,0x0,0x0,),0x8)),0xffffa00200000000),0xc),0x100),0,2),0x2))",
"path-047", "Equal(Sub(Extract(ZeroEXT(Extract(Sub(LShr(Sub(Add(0xffffa00200107000,Mul(CombineMulti(And(Extract(LShr(And(CombineMulti(0x2,gpa_B1,gpa_B2,gpa_B3,gpa_B4_7,),0xffffffffff000),0x1e),0,4),0x1ff),0x0,0x0,0x0,0x0,),0x8)),0xffffa00200000000),0xc),0x100),0,2)),0,2),0xffffffffffffffff))",
"path-049", "Equal(And(Add(0xffffa00200107000,Mul(CombineMulti(And(Extract(LShr(And(CombineMulti(0x2,gpa_B1,gpa_B2,gpa_B3,gpa_B4_7,),0xffffffffff000),0x1e),0,4),0x1ff),0x0,0x0,0x0,0x0,),0x8)),Add(0xffffa00200107000,Mul(CombineMulti(And(Extract(LShr(And(CombineMulti(0x2,gpa_B1,gpa_B2,gpa_B3,gpa_B4_7,),0xffffffffff000),0x1e),0,4),0x1ff),0x0,0x0,0x0,0x0,),0x8))))",
"path-050", "Ugt(Extract(Sub(LShr(Sub(Add(0xffffa00200107000,Mul(CombineMulti(And(Extract(LShr(And(CombineMulti(0x2,gpa_B1,gpa_B2,gpa_B3,gpa_B4_7,),0xffffffffff000),0x1e),0,4),0x1ff),0x0,0x0,0x0,0x0,),0x8)),0xffffa00200000000),0xc),0x100),0,2),0x5d)",
"path-051", "Equal(Sub(Extract(Sub(LShr(Sub(Add(0xffffa00200107000,Mul(CombineMulti(And(Extract(LShr(And(CombineMulti(0x2,gpa_B1,gpa_B2,gpa_B3,gpa_B4_7,),0xffffffffff000),0x1e),0,4),0x1ff),0x0,0x0,0x0,0x0,),0x8)),0xffffa00200000000),0xc),0x100),0,2),0x0))",
"path-052", "Equal(Sub(Extract(Sub(LShr(Sub(Add(0xffffa00200107000,Mul(CombineMulti(And(Extract(LShr(And(CombineMulti(0x2,gpa_B1,gpa_B2,gpa_B3,gpa_B4_7,),0xffffffffff000),0x1e),0,4),0x1ff),0x0,0x0,0x0,0x0,),0x8)),0xffffa00200000000),0xc),0x100),0,2),0x1))",
"path-053", "Equal(Sub(Extract(Sub(LShr(Sub(Add(0xffffa00200107000,Mul(CombineMulti(And(Extract(LShr(And(CombineMulti(0x2,gpa_B1,gpa_B2,gpa_B3,gpa_B4_7,),0xffffffffff000),0x1e),0,4),0x1ff),0x0,0x0,0x0,0x0,),0x8)),0xffffa00200000000),0xc),0x100),0,2),0x2))",
"path-055", "Equal(And(Add(0xffffa00200107000,Mul(CombineMulti(And(Extract(LShr(And(CombineMulti(0x2,gpa_B1,gpa_B2,gpa_B3,gpa_B4_7,),0xffffffffff000),0x1e),0,4),0x1ff),0x0,0x0,0x0,0x0,),0x8)),Add(0xffffa00200107000,Mul(CombineMulti(And(Extract(LShr(And(CombineMulti(0x2,gpa_B1,gpa_B2,gpa_B3,gpa_B4_7,),0xffffffffff000),0x1e),0,4),0x1ff),0x0,0x0,0x0,0x0,),0x8))))",
"path-056", "Ugt(Extract(Sub(LShr(Sub(Add(0xffffa00200107000,Mul(CombineMulti(And(Extract(LShr(And(CombineMulti(0x2,gpa_B1,gpa_B2,gpa_B3,gpa_B4_7,),0xffffffffff000),0x1e),0,4),0x1ff),0x0,0x0,0x0,0x0,),0x8)),0xffffa00200000000),0xc),0x100),0,2),0x5d)",
"path-057", "Equal(Sub(Extract(Sub(LShr(Sub(Add(0xffffa00200107000,Mul(CombineMulti(And(Extract(LShr(And(CombineMulti(0x2,gpa_B1,gpa_B2,gpa_B3,gpa_B4_7,),0xffffffffff000),0x1e),0,4),0x1ff),0x0,0x0,0x0,0x0,),0x8)),0xffffa00200000000),0xc),0x100),0,2),0x0))",
"path-058", "Equal(Sub(Extract(Sub(LShr(Sub(Add(0xffffa00200107000,Mul(CombineMulti(And(Extract(LShr(And(CombineMulti(0x2,gpa_B1,gpa_B2,gpa_B3,gpa_B4_7,),0xffffffffff000),0x1e),0,4),0x1ff),0x0,0x0,0x0,0x0,),0x8)),0xffffa00200000000),0xc),0x100),0,2),0x1))",
"path-059", "Equal(Sub(Extract(Sub(LShr(Sub(Add(0xffffa00200107000,Mul(CombineMulti(And(Extract(LShr(And(CombineMulti(0x2,gpa_B1,gpa_B2,gpa_B3,gpa_B4_7,),0xffffffffff000),0x1e),0,4),0x1ff),0x0,0x0,0x0,0x0,),0x8)),0xffffa00200000000),0xc),0x100),0,2),0x2))",
"path-061", "Equal(And(Add(0xffffa00200107000,Mul(CombineMulti(And(Extract(LShr(And(CombineMulti(0x2,gpa_B1,gpa_B2,gpa_B3,gpa_B4_7,),0xffffffffff000),0x1e),0,4),0x1ff),0x0,0x0,0x0,0x0,),0x8)),Add(0xffffa00200107000,Mul(CombineMulti(And(Extract(LShr(And(CombineMulti(0x2,gpa_B1,gpa_B2,gpa_B3,gpa_B4_7,),0xffffffffff000),0x1e),0,4),0x1ff),0x0,0x0,0x0,0x0,),0x8))))",
"path-062", "Ugt(Extract(Sub(LShr(Sub(Add(0xffffa00200107000,Mul(CombineMulti(And(Extract(LShr(And(CombineMulti(0x2,gpa_B1,gpa_B2,gpa_B3,gpa_B4_7,),0xffffffffff000),0x1e),0,4),0x1ff),0x0,0x0,0x0,0x0,),0x8)),0xffffa00200000000),0xc),0x100),0,2),0x5d)",
"path-063", "Equal(Sub(Extract(Sub(LShr(Sub(Add(0xffffa00200107000,Mul(CombineMulti(And(Extract(LShr(And(CombineMulti(0x2,gpa_B1,gpa_B2,gpa_B3,gpa_B4_7,),0xffffffffff000),0x1e),0,4),0x1ff),0x0,0x0,0x0,0x0,),0x8)),0xffffa00200000000),0xc),0x100),0,2),0x0))",
"path-064", "Equal(Sub(Extract(Sub(LShr(Sub(Add(0xffffa00200107000,Mul(CombineMulti(And(Extract(LShr(And(CombineMulti(0x2,gpa_B1,gpa_B2,gpa_B3,gpa_B4_7,),0xffffffffff000),0x1e),0,4),0x1ff),0x0,0x0,0x0,0x0,),0x8)),0xffffa00200000000),0xc),0x100),0,2),0x1))",
"path-065", "Equal(Sub(Extract(Sub(LShr(Sub(Add(0xffffa00200107000,Mul(CombineMulti(And(Extract(LShr(And(CombineMulti(0x2,gpa_B1,gpa_B2,gpa_B3,gpa_B4_7,),0xffffffffff000),0x1e),0,4),0x1ff),0x0,0x0,0x0,0x0,),0x8)),0xffffa00200000000),0xc),0x100),0,2),0x2))",
"path-067", "LNot(Equal(Sub(0x2,And(CombineMulti(0x2,gpa_B1,gpa_B2,gpa_B3,),0x7))))",
"path-068", "LNot(Equal(Sub(And(CombineMulti(0x2,gpa_B1,gpa_B2,gpa_B3,),0x7),0x2)))",
"path-069", "Uge(And(CombineMulti(0x2,gpa_B1,gpa_B2,gpa_B3,),0x7),0x5)",
"path-070", "Equal(Sub(And(CombineMulti(0x2,gpa_B1,gpa_B2,gpa_B3,),0x7),0x4))",
"path-071", "Equal(Sub(And(CombineMulti(0x2,gpa_B1,gpa_B2,gpa_B3,),0x7),0x3))",
"path-072", "Equal(And(Extract(And(Or(epte,Shl(0x1,0xb)),Not(Shl(0x1,0x34))),1,2),0x8))",
"path-073", "Equal(And(Add(0xffffa00200107000,Mul(CombineMulti(And(Extract(LShr(And(CombineMulti(0x2,gpa_B1,gpa_B2,gpa_B3,gpa_B4_7,),0xffffffffff000),0x1e),0,4),0x1ff),0x0,0x0,0x0,0x0,),0x8)),Add(0xffffa00200107000,Mul(CombineMulti(And(Extract(LShr(And(CombineMulti(0x2,gpa_B1,gpa_B2,gpa_B3,gpa_B4_7,),0xffffffffff000),0x1e),0,4),0x1ff),0x0,0x0,0x0,0x0,),0x8))))",
"path-074", "Ugt(Extract(Sub(LShr(Sub(Add(0xffffa00200107000,Mul(CombineMulti(And(Extract(LShr(And(CombineMulti(0x2,gpa_B1,gpa_B2,gpa_B3,gpa_B4_7,),0xffffffffff000),0x1e),0,4),0x1ff),0x0,0x0,0x0,0x0,),0x8)),0xffffa00200000000),0xc),0x100),0,2),0x5d)",
"path-075", "Equal(Sub(Extract(Sub(LShr(Sub(Add(0xffffa00200107000,Mul(CombineMulti(And(Extract(LShr(And(CombineMulti(0x2,gpa_B1,gpa_B2,gpa_B3,gpa_B4_7,),0xffffffffff000),0x1e),0,4),0x1ff),0x0,0x0,0x0,0x0,),0x8)),0xffffa00200000000),0xc),0x100),0,2),0x0))",
"path-076", "Equal(Sub(Extract(Sub(LShr(Sub(Add(0xffffa00200107000,Mul(CombineMulti(And(Extract(LShr(And(CombineMulti(0x2,gpa_B1,gpa_B2,gpa_B3,gpa_B4_7,),0xffffffffff000),0x1e),0,4),0x1ff),0x0,0x0,0x0,0x0,),0x8)),0xffffa00200000000),0xc),0x100),0,2),0x1))",
"path-077", "Equal(Sub(Extract(Sub(LShr(Sub(Add(0xffffa00200107000,Mul(CombineMulti(And(Extract(LShr(And(CombineMulti(0x2,gpa_B1,gpa_B2,gpa_B3,gpa_B4_7,),0xffffffffff000),0x1e),0,4),0x1ff),0x0,0x0,0x0,0x0,),0x8)),0xffffa00200000000),0xc),0x100),0,2),0x2))",
"path-079", "Equal(And(Extract(And(Or(epte,Shl(0x1,0xb)),Not(Shl(0x1,0x34))),1,2),0x8))",
"path-080", "Equal(And(Add(0xffffa00200107000,Mul(CombineMulti(And(Extract(LShr(And(CombineMulti(0x2,gpa_B1,gpa_B2,gpa_B3,gpa_B4_7,),0xffffffffff000),0x1e),0,4),0x1ff),0x0,0x0,0x0,0x0,),0x8)),Add(0xffffa00200107000,Mul(CombineMulti(And(Extract(LShr(And(CombineMulti(0x2,gpa_B1,gpa_B2,gpa_B3,gpa_B4_7,),0xffffffffff000),0x1e),0,4),0x1ff),0x0,0x0,0x0,0x0,),0x8))))",
"path-081", "Ugt(Extract(Sub(LShr(Sub(Add(0xffffa00200107000,Mul(CombineMulti(And(Extract(LShr(And(CombineMulti(0x2,gpa_B1,gpa_B2,gpa_B3,gpa_B4_7,),0xffffffffff000),0x1e),0,4),0x1ff),0x0,0x0,0x0,0x0,),0x8)),0xffffa00200000000),0xc),0x100),0,2),0x5d)",
"path-082", "Equal(Sub(Extract(Sub(LShr(Sub(Add(0xffffa00200107000,Mul(CombineMulti(And(Extract(LShr(And(CombineMulti(0x2,gpa_B1,gpa_B2,gpa_B3,gpa_B4_7,),0xffffffffff000),0x1e),0,4),0x1ff),0x0,0x0,0x0,0x0,),0x8)),0xffffa00200000000),0xc),0x100),0,2),0x0))",
"path-083", "Equal(Sub(Extract(Sub(LShr(Sub(Add(0xffffa00200107000,Mul(CombineMulti(And(Extract(LShr(And(CombineMulti(0x2,gpa_B1,gpa_B2,gpa_B3,gpa_B4_7,),0xffffffffff000),0x1e),0,4),0x1ff),0x0,0x0,0x0,0x0,),0x8)),0xffffa00200000000),0xc),0x100),0,2),0x1))",
"path-084", "Equal(Sub(Extract(Sub(LShr(Sub(Add(0xffffa00200107000,Mul(CombineMulti(And(Extract(LShr(And(CombineMulti(0x2,gpa_B1,gpa_B2,gpa_B3,gpa_B4_7,),0xffffffffff000),0x1e),0,4),0x1ff),0x0,0x0,0x0,0x0,),0x8)),0xffffa00200000000),0xc),0x100),0,2),0x2))",
"path-086", "Equal(And(Extract(And(Or(epte,Shl(0x1,0xb)),Not(Shl(0x1,0x34))),1,2),0x8))",
"path-087", "Equal(And(Add(0xffffa00200107000,Mul(CombineMulti(And(Extract(LShr(And(CombineMulti(0x2,gpa_B1,gpa_B2,gpa_B3,gpa_B4_7,),0xffffffffff000),0x1e),0,4),0x1ff),0x0,0x0,0x0,0x0,),0x8)),Add(0xffffa00200107000,Mul(CombineMulti(And(Extract(LShr(And(CombineMulti(0x2,gpa_B1,gpa_B2,gpa_B3,gpa_B4_7,),0xffffffffff000),0x1e),0,4),0x1ff),0x0,0x0,0x0,0x0,),0x8))))",
"path-088", "Ugt(Extract(Sub(LShr(Sub(Add(0xffffa00200107000,Mul(CombineMulti(And(Extract(LShr(And(CombineMulti(0x2,gpa_B1,gpa_B2,gpa_B3,gpa_B4_7,),0xffffffffff000),0x1e),0,4),0x1ff),0x0,0x0,0x0,0x0,),0x8)),0xffffa00200000000),0xc),0x100),0,2),0x5d)",
"path-089", "Equal(Sub(Extract(Sub(LShr(Sub(Add(0xffffa00200107000,Mul(CombineMulti(And(Extract(LShr(And(CombineMulti(0x2,gpa_B1,gpa_B2,gpa_B3,gpa_B4_7,),0xffffffffff000),0x1e),0,4),0x1ff),0x0,0x0,0x0,0x0,),0x8)),0xffffa00200000000),0xc),0x100),0,2),0x0))",
"path-090", "Equal(Sub(Extract(Sub(LShr(Sub(Add(0xffffa00200107000,Mul(CombineMulti(And(Extract(LShr(And(CombineMulti(0x2,gpa_B1,gpa_B2,gpa_B3,gpa_B4_7,),0xffffffffff000),0x1e),0,4),0x1ff),0x0,0x0,0x0,0x0,),0x8)),0xffffa00200000000),0xc),0x100),0,2),0x1))",
"path-091", "Equal(Sub(Extract(Sub(LShr(Sub(Add(0xffffa00200107000,Mul(CombineMulti(And(Extract(LShr(And(CombineMulti(0x2,gpa_B1,gpa_B2,gpa_B3,gpa_B4_7,),0xffffffffff000),0x1e),0,4),0x1ff),0x0,0x0,0x0,0x0,),0x8)),0xffffa00200000000),0xc),0x100),0,2),0x2))",
"path-093", "Equal(And(Extract(And(Or(epte,Shl(0x1,0xb)),Not(Shl(0x1,0x34))),1,2),0x8))",
"path-094", "Equal(And(Add(0xffffa00200107000,Mul(CombineMulti(And(Extract(LShr(And(CombineMulti(0x2,gpa_B1,gpa_B2,gpa_B3,gpa_B4_7,),0xffffffffff000),0x1e),0,4),0x1ff),0x0,0x0,0x0,0x0,),0x8)),Add(0xffffa00200107000,Mul(CombineMulti(And(Extract(LShr(And(CombineMulti(0x2,gpa_B1,gpa_B2,gpa_B3,gpa_B4_7,),0xffffffffff000),0x1e),0,4),0x1ff),0x0,0x0,0x0,0x0,),0x8))))",
"path-095", "Ugt(Extract(Sub(LShr(Sub(Add(0xffffa00200107000,Mul(CombineMulti(And(Extract(LShr(And(CombineMulti(0x2,gpa_B1,gpa_B2,gpa_B3,gpa_B4_7,),0xffffffffff000),0x1e),0,4),0x1ff),0x0,0x0,0x0,0x0,),0x8)),0xffffa00200000000),0xc),0x100),0,2),0x5d)",
"path-096", "Equal(Sub(Extract(Sub(LShr(Sub(Add(0xffffa00200107000,Mul(CombineMulti(And(Extract(LShr(And(CombineMulti(0x2,gpa_B1,gpa_B2,gpa_B3,gpa_B4_7,),0xffffffffff000),0x1e),0,4),0x1ff),0x0,0x0,0x0,0x0,),0x8)),0xffffa00200000000),0xc),0x100),0,2),0x0))",
"path-097", "Equal(Sub(Extract(Sub(LShr(Sub(Add(0xffffa00200107000,Mul(CombineMulti(And(Extract(LShr(And(CombineMulti(0x2,gpa_B1,gpa_B2,gpa_B3,gpa_B4_7,),0xffffffffff000),0x1e),0,4),0x1ff),0x0,0x0,0x0,0x0,),0x8)),0xffffa00200000000),0xc),0x100),0,2),0x1))",
"path-098", "Equal(Sub(Extract(Sub(LShr(Sub(Add(0xffffa00200107000,Mul(CombineMulti(And(Extract(LShr(And(CombineMulti(0x2,gpa_B1,gpa_B2,gpa_B3,gpa_B4_7,),0xffffffffff000),0x1e),0,4),0x1ff),0x0,0x0,0x0,0x0,),0x8)),0xffffa00200000000),0xc),0x100),0,2),0x2))",
"path-100", "Equal(And(Extract(And(Or(epte,Shl(0x1,0xb)),Not(Shl(0x1,0x34))),1,2),0x8))",
"path-101", "Equal(And(Add(0xffffa00200107000,Mul(CombineMulti(And(Extract(LShr(And(CombineMulti(0x2,gpa_B1,gpa_B2,gpa_B3,gpa_B4_7,),0xffffffffff000),0x1e),0,4),0x1ff),0x0,0x0,0x0,0x0,),0x8)),Add(0xffffa00200107000,Mul(CombineMulti(And(Extract(LShr(And(CombineMulti(0x2,gpa_B1,gpa_B2,gpa_B3,gpa_B4_7,),0xffffffffff000),0x1e),0,4),0x1ff),0x0,0x0,0x0,0x0,),0x8))))",
"path-102", "Ugt(Extract(Sub(LShr(Sub(Add(0xffffa00200107000,Mul(CombineMulti(And(Extract(LShr(And(CombineMulti(0x2,gpa_B1,gpa_B2,gpa_B3,gpa_B4_7,),0xffffffffff000),0x1e),0,4),0x1ff),0x0,0x0,0x0,0x0,),0x8)),0xffffa00200000000),0xc),0x100),0,2),0x5d)",
"path-103", "Equal(Sub(Extract(Sub(LShr(Sub(Add(0xffffa00200107000,Mul(CombineMulti(And(Extract(LShr(And(CombineMulti(0x2,gpa_B1,gpa_B2,gpa_B3,gpa_B4_7,),0xffffffffff000),0x1e),0,4),0x1ff),0x0,0x0,0x0,0x0,),0x8)),0xffffa00200000000),0xc),0x100),0,2),0x0))",
"path-104", "Equal(Sub(Extract(Sub(LShr(Sub(Add(0xffffa00200107000,Mul(CombineMulti(And(Extract(LShr(And(CombineMulti(0x2,gpa_B1,gpa_B2,gpa_B3,gpa_B4_7,),0xffffffffff000),0x1e),0,4),0x1ff),0x0,0x0,0x0,0x0,),0x8)),0xffffa00200000000),0xc),0x100),0,2),0x1))",
"path-105", "Equal(Sub(Extract(Sub(LShr(Sub(Add(0xffffa00200107000,Mul(CombineMulti(And(Extract(LShr(And(CombineMulti(0x2,gpa_B1,gpa_B2,gpa_B3,gpa_B4_7,),0xffffffffff000),0x1e),0,4),0x1ff),0x0,0x0,0x0,0x0,),0x8)),0xffffa00200000000),0xc),0x100),0,2),0x2))",
"path-107", "LNot(Distinct(Sub(And(0x1e00000000002c0,And(Or(epte,Shl(0x1,0xb)),Not(Shl(0x1,0x34)))),0xe0000000000000)))",
"path-108", "Equal(And(Add(0xffffa00200107000,Mul(CombineMulti(And(Extract(LShr(And(CombineMulti(0x2,gpa_B1,gpa_B2,gpa_B3,gpa_B4_7,),0xffffffffff000),0x1e),0,4),0x1ff),0x0,0x0,0x0,0x0,),0x8)),Add(0xffffa00200107000,Mul(CombineMulti(And(Extract(LShr(And(CombineMulti(0x2,gpa_B1,gpa_B2,gpa_B3,gpa_B4_7,),0xffffffffff000),0x1e),0,4),0x1ff),0x0,0x0,0x0,0x0,),0x8))))",
"path-109", "Ugt(Extract(Sub(LShr(Sub(Add(0xffffa00200107000,Mul(CombineMulti(And(Extract(LShr(And(CombineMulti(0x2,gpa_B1,gpa_B2,gpa_B3,gpa_B4_7,),0xffffffffff000),0x1e),0,4),0x1ff),0x0,0x0,0x0,0x0,),0x8)),0xffffa00200000000),0xc),0x100),0,2),0x5d)",
"path-110", "Equal(Sub(Extract(Sub(LShr(Sub(Add(0xffffa00200107000,Mul(CombineMulti(And(Extract(LShr(And(CombineMulti(0x2,gpa_B1,gpa_B2,gpa_B3,gpa_B4_7,),0xffffffffff000),0x1e),0,4),0x1ff),0x0,0x0,0x0,0x0,),0x8)),0xffffa00200000000),0xc),0x100),0,2),0x0))",
"path-111", "Equal(Sub(Extract(Sub(LShr(Sub(Add(0xffffa00200107000,Mul(CombineMulti(And(Extract(LShr(And(CombineMulti(0x2,gpa_B1,gpa_B2,gpa_B3,gpa_B4_7,),0xffffffffff000),0x1e),0,4),0x1ff),0x0,0x0,0x0,0x0,),0x8)),0xffffa00200000000),0xc),0x100),0,2),0x1))",
"path-112", "Equal(Sub(Extract(Sub(LShr(Sub(Add(0xffffa00200107000,Mul(CombineMulti(And(Extract(LShr(And(CombineMulti(0x2,gpa_B1,gpa_B2,gpa_B3,gpa_B4_7,),0xffffffffff000),0x1e),0,4),0x1ff),0x0,0x0,0x0,0x0,),0x8)),0xffffa00200000000),0xc),0x100),0,2),0x2))",
"path-113", "Equal(Sub(Extract(ZeroEXT(Extract(Sub(LShr(Sub(Add(0xffffa00200107000,Mul(CombineMulti(And(Extract(LShr(And(CombineMulti(0x2,gpa_B1,gpa_B2,gpa_B3,gpa_B4_7,),0xffffffffff000),0x1e),0,4),0x1ff),0x0,0x0,0x0,0x0,),0x8)),0xffffa00200000000),0xc),0x100),0,2)),0,2),0xffffffffffffffff))",
"path-115", "Equal(And(Add(0xffffa00200107000,Mul(CombineMulti(And(Extract(LShr(And(CombineMulti(0x2,gpa_B1,gpa_B2,gpa_B3,gpa_B4_7,),0xffffffffff000),0x1e),0,4),0x1ff),0x0,0x0,0x0,0x0,),0x8)),Add(0xffffa00200107000,Mul(CombineMulti(And(Extract(LShr(And(CombineMulti(0x2,gpa_B1,gpa_B2,gpa_B3,gpa_B4_7,),0xffffffffff000),0x1e),0,4),0x1ff),0x0,0x0,0x0,0x0,),0x8))))",
"path-116", "Ugt(Extract(Sub(LShr(Sub(Add(0xffffa00200107000,Mul(CombineMulti(And(Extract(LShr(And(CombineMulti(0x2,gpa_B1,gpa_B2,gpa_B3,gpa_B4_7,),0xffffffffff000),0x1e),0,4),0x1ff),0x0,0x0,0x0,0x0,),0x8)),0xffffa00200000000),0xc),0x100),0,2),0x5d)",
"path-117", "Equal(Sub(Extract(Sub(LShr(Sub(Add(0xffffa00200107000,Mul(CombineMulti(And(Extract(LShr(And(CombineMulti(0x2,gpa_B1,gpa_B2,gpa_B3,gpa_B4_7,),0xffffffffff000),0x1e),0,4),0x1ff),0x0,0x0,0x0,0x0,),0x8)),0xffffa00200000000),0xc),0x100),0,2),0x0))",
"path-118", "Equal(Sub(Extract(Sub(LShr(Sub(Add(0xffffa00200107000,Mul(CombineMulti(And(Extract(LShr(And(CombineMulti(0x2,gpa_B1,gpa_B2,gpa_B3,gpa_B4_7,),0xffffffffff000),0x1e),0,4),0x1ff),0x0,0x0,0x0,0x0,),0x8)),0xffffa00200000000),0xc),0x100),0,2),0x1))",
"path-119", "Equal(Sub(Extract(Sub(LShr(Sub(Add(0xffffa00200107000,Mul(CombineMulti(And(Extract(LShr(And(CombineMulti(0x2,gpa_B1,gpa_B2,gpa_B3,gpa_B4_7,),0xffffffffff000),0x1e),0,4),0x1ff),0x0,0x0,0x0,0x0,),0x8)),0xffffa00200000000),0xc),0x100),0,2),0x2))",
"path-121", "Equal(And(Add(0xffffa00200107000,Mul(CombineMulti(And(Extract(LShr(And(CombineMulti(0x2,gpa_B1,gpa_B2,gpa_B3,gpa_B4_7,),0xffffffffff000),0x1e),0,4),0x1ff),0x0,0x0,0x0,0x0,),0x8)),Add(0xffffa00200107000,Mul(CombineMulti(And(Extract(LShr(And(CombineMulti(0x2,gpa_B1,gpa_B2,gpa_B3,gpa_B4_7,),0xffffffffff000),0x1e),0,4),0x1ff),0x0,0x0,0x0,0x0,),0x8))))",
"path-122", "Ugt(Extract(Sub(LShr(Sub(Add(0xffffa00200107000,Mul(CombineMulti(And(Extract(LShr(And(CombineMulti(0x2,gpa_B1,gpa_B2,gpa_B3,gpa_B4_7,),0xffffffffff000),0x1e),0,4),0x1ff),0x0,0x0,0x0,0x0,),0x8)),0xffffa00200000000),0xc),0x100),0,2),0x5d)",
"path-123", "Equal(Sub(Extract(Sub(LShr(Sub(Add(0xffffa00200107000,Mul(CombineMulti(And(Extract(LShr(And(CombineMulti(0x2,gpa_B1,gpa_B2,gpa_B3,gpa_B4_7,),0xffffffffff000),0x1e),0,4),0x1ff),0x0,0x0,0x0,0x0,),0x8)),0xffffa00200000000),0xc),0x100),0,2),0x0))",
"path-124", "Equal(Sub(Extract(Sub(LShr(Sub(Add(0xffffa00200107000,Mul(CombineMulti(And(Extract(LShr(And(CombineMulti(0x2,gpa_B1,gpa_B2,gpa_B3,gpa_B4_7,),0xffffffffff000),0x1e),0,4),0x1ff),0x0,0x0,0x0,0x0,),0x8)),0xffffa00200000000),0xc),0x100),0,2),0x1))",
"path-125", "Equal(Sub(Extract(Sub(LShr(Sub(Add(0xffffa00200107000,Mul(CombineMulti(And(Extract(LShr(And(CombineMulti(0x2,gpa_B1,gpa_B2,gpa_B3,gpa_B4_7,),0xffffffffff000),0x1e),0,4),0x1ff),0x0,0x0,0x0,0x0,),0x8)),0xffffa00200000000),0xc),0x100),0,2),0x2))",
"path-127", "Equal(And(Add(0xffffa00200107000,Mul(CombineMulti(And(Extract(LShr(And(CombineMulti(0x2,gpa_B1,gpa_B2,gpa_B3,gpa_B4_7,),0xffffffffff000),0x1e),0,4),0x1ff),0x0,0x0,0x0,0x0,),0x8)),Add(0xffffa00200107000,Mul(CombineMulti(And(Extract(LShr(And(CombineMulti(0x2,gpa_B1,gpa_B2,gpa_B3,gpa_B4_7,),0xffffffffff000),0x1e),0,4),0x1ff),0x0,0x0,0x0,0x0,),0x8))))",
"path-128", "Ugt(Extract(Sub(LShr(Sub(Add(0xffffa00200107000,Mul(CombineMulti(And(Extract(LShr(And(CombineMulti(0x2,gpa_B1,gpa_B2,gpa_B3,gpa_B4_7,),0xffffffffff000),0x1e),0,4),0x1ff),0x0,0x0,0x0,0x0,),0x8)),0xffffa00200000000),0xc),0x100),0,2),0x5d)",
"path-129", "Equal(Sub(Extract(Sub(LShr(Sub(Add(0xffffa00200107000,Mul(CombineMulti(And(Extract(LShr(And(CombineMulti(0x2,gpa_B1,gpa_B2,gpa_B3,gpa_B4_7,),0xffffffffff000),0x1e),0,4),0x1ff),0x0,0x0,0x0,0x0,),0x8)),0xffffa00200000000),0xc),0x100),0,2),0x0))",
"path-130", "Equal(Sub(Extract(Sub(LShr(Sub(Add(0xffffa00200107000,Mul(CombineMulti(And(Extract(LShr(And(CombineMulti(0x2,gpa_B1,gpa_B2,gpa_B3,gpa_B4_7,),0xffffffffff000),0x1e),0,4),0x1ff),0x0,0x0,0x0,0x0,),0x8)),0xffffa00200000000),0xc),0x100),0,2),0x1))",
"path-131", "Equal(Sub(Extract(Sub(LShr(Sub(Add(0xffffa00200107000,Mul(CombineMulti(And(Extract(LShr(And(CombineMulti(0x2,gpa_B1,gpa_B2,gpa_B3,gpa_B4_7,),0xffffffffff000),0x1e),0,4),0x1ff),0x0,0x0,0x0,0x0,),0x8)),0xffffa00200000000),0xc),0x100),0,2),0x2))",
"path-133", "LNot(Equal(Sub(0x2,And(CombineMulti(0x2,gpa_B1,gpa_B2,gpa_B3,),0x7))))",
"path-134", "LNot(Equal(Sub(And(CombineMulti(0x2,gpa_B1,gpa_B2,gpa_B3,),0x7),0x2)))",
