"path-000", "Ult(And(CombineMulti(0x4,gpa_B1,gpa_B2,gpa_B3,),0x7),0x1)",
"path-001", "Ugt(And(CombineMulti(0x4,gpa_B1,gpa_B2,gpa_B3,),0x7),0x4)",
"path-003", "Uge(And(CombineMulti(0x4,gpa_B1,gpa_B2,gpa_B3,),0x7),0x5)",
"path-004", "Equal(And(Extract(And(Or(epte,Shl(0x1,0xb)),Not(Shl(0x1,0x34))),1,2),0x8))",
"path-005", "Equal(And(Add(0xffffa00200105000,Mul(CombineMulti(And(Extract(LShr(And(CombineMulti(0x4,gpa_B1,gpa_B2,gpa_B3,gpa_B4_7,),0xffffffffff000),0x30),0,4),0x1ff),0x0,0x0,0x0,0x0,),0x8)),Add(0xffffa00200105000,Mul(CombineMulti(And(Extract(LShr(And(CombineMulti(0x4,gpa_B1,gpa_B2,gpa_B3,gpa_B4_7,),0xffffffffff000),0x30),0,4),0x1ff),0x0,0x0,0x0,0x0,),0x8))))",
"path-006", "Ugt(Extract(Sub(LShr(Sub(Add(0xffffa00200105000,Mul(CombineMulti(And(Extract(LShr(And(CombineMulti(0x4,gpa_B1,gpa_B2,gpa_B3,gpa_B4_7,),0xffffffffff000),0x30),0,4),0x1ff),0x0,0x0,0x0,0x0,),0x8)),0xffffa00200000000),0xc),0x100),0,2),0x5d)",
"path-007", "Equal(Sub(Extract(Sub(LShr(Sub(Add(0xffffa00200105000,Mul(CombineMulti(And(Extract(LShr(And(CombineMulti(0x4,gpa_B1,gpa_B2,gpa_B3,gpa_B4_7,),0xffffffffff000),0x30),0,4),0x1ff),0x0,0x0,0x0,0x0,),0x8)),0xffffa00200000000),0xc),0x100),0,2),0x0))",
"path-008", "Equal(Sub(Extract(Sub(LShr(Sub(Add(0xffffa00200105000,Mul(CombineMulti(And(Extract(LShr(And(CombineMulti(0x4,gpa_B1,gpa_B2,gpa_B3,gpa_B4_7,),0xffffffffff000),0x30),0,4),0x1ff),0x0,0x0,0x0,0x0,),0x8)),0xffffa00200000000),0xc),0x100),0,2),0x1))",
"path-009", "Equal(Sub(Extract(Sub(LShr(Sub(Add(0xffffa00200105000,Mul(CombineMulti(And(Extract(LShr(And(CombineMulti(0x4,gpa_B1,gpa_B2,gpa_B3,gpa_B4_7,),0xffffffffff000),0x30),0,4),0x1ff),0x0,0x0,0x0,0x0,),0x8)),0xffffa00200000000),0xc),0x100),0,2),0x2))",
"path-010", "Equal(Sub(Extract(ZeroEXT(Extract(Sub(LShr(Sub(Add(0xffffa00200105000,Mul(CombineMulti(And(Extract(LShr(And(CombineMulti(0x4,gpa_B1,gpa_B2,gpa_B3,gpa_B4_7,),0xffffffffff000),0x30),0,4),0x1ff),0x0,0x0,0x0,0x0,),0x8)),0xffffa00200000000),0xc),0x100),0,2)),0,2),0xffffffffffffffff))",
"path-012", "Equal(And(Extract(And(Or(epte,Shl(0x1,0xb)),Not(Shl(0x1,0x34))),1,2),0x8))",
"path-013", "Equal(And(Add(0xffffa00200105000,Mul(CombineMulti(And(Extract(LShr(And(CombineMulti(0x4,gpa_B1,gpa_B2,gpa_B3,gpa_B4_7,),0xffffffffff000),0x30),0,4),0x1ff),0x0,0x0,0x0,0x0,),0x8)),Add(0xffffa00200105000,Mul(CombineMulti(And(Extract(LShr(And(CombineMulti(0x4,gpa_B1,gpa_B2,gpa_B3,gpa_B4_7,),0xffffffffff000),0x30),0,4),0x1ff),0x0,0x0,0x0,0x0,),0x8))))",
"path-014", "Ugt(Extract(Sub(LShr(Sub(Add(0xffffa00200105000,Mul(CombineMulti(And(Extract(LShr(And(CombineMulti(0x4,gpa_B1,gpa_B2,gpa_B3,gpa_B4_7,),0xffffffffff000),0x30),0,4),0x1ff),0x0,0x0,0x0,0x0,),0x8)),0xffffa00200000000),0xc),0x100),0,2),0x5d)",
"path-015", "Equal(Sub(Extract(Sub(LShr(Sub(Add(0xffffa00200105000,Mul(CombineMulti(And(Extract(LShr(And(CombineMulti(0x4,gpa_B1,gpa_B2,gpa_B3,gpa_B4_7,),0xffffffffff000),0x30),0,4),0x1ff),0x0,0x0,0x0,0x0,),0x8)),0xffffa00200000000),0xc),0x100),0,2),0x0))",
"path-016", "Equal(Sub(Extract(Sub(LShr(Sub(Add(0xffffa00200105000,Mul(CombineMulti(And(Extract(LShr(And(CombineMulti(0x4,gpa_B1,gpa_B2,gpa_B3,gpa_B4_7,),0xffffffffff000),0x30),0,4),0x1ff),0x0,0x0,0x0,0x0,),0x8)),0xffffa00200000000),0xc),0x100),0,2),0x1))",
"path-017", "Equal(Sub(Extract(Sub(LShr(Sub(Add(0xffffa00200105000,Mul(CombineMulti(And(Extract(LShr(And(CombineMulti(0x4,gpa_B1,gpa_B2,gpa_B3,gpa_B4_7,),0xffffffffff000),0x30),0,4),0x1ff),0x0,0x0,0x0,0x0,),0x8)),0xffffa00200000000),0xc),0x100),0,2),0x2))",
"path-018", "Equal(Sub(Extract(ZeroEXT(Extract(Sub(LShr(Sub(Add(0xffffa00200105000,Mul(CombineMulti(And(Extract(LShr(And(CombineMulti(0x4,gpa_B1,gpa_B2,gpa_B3,gpa_B4_7,),0xffffffffff000),0x30),0,4),0x1ff),0x0,0x0,0x0,0x0,),0x8)),0xffffa00200000000),0xc),0x100),0,2)),0,2),0xffffffffffffffff))",
"path-020", "Equal(And(Extract(And(Or(epte,Shl(0x1,0xb)),Not(Shl(0x1,0x34))),1,2),0x8))",
"path-021", "Equal(And(Add(0xffffa00200105000,Mul(CombineMulti(And(Extract(LShr(And(CombineMulti(0x4,gpa_B1,gpa_B2,gpa_B3,gpa_B4_7,),0xffffffffff000),0x30),0,4),0x1ff),0x0,0x0,0x0,0x0,),0x8)),Add(0xffffa00200105000,Mul(CombineMulti(And(Extract(LShr(And(CombineMulti(0x4,gpa_B1,gpa_B2,gpa_B3,gpa_B4_7,),0xffffffffff000),0x30),0,4),0x1ff),0x0,0x0,0x0,0x0,),0x8))))",
"path-022", "Ugt(Extract(Sub(LShr(Sub(Add(0xffffa00200105000,Mul(CombineMulti(And(Extract(LShr(And(CombineMulti(0x4,gpa_B1,gpa_B2,gpa_B3,gpa_B4_7,),0xffffffffff000),0x30),0,4),0x1ff),0x0,0x0,0x0,0x0,),0x8)),0xffffa00200000000),0xc),0x100),0,2),0x5d)",
"path-023", "Equal(Sub(Extract(Sub(LShr(Sub(Add(0xffffa00200105000,Mul(CombineMulti(And(Extract(LShr(And(CombineMulti(0x4,gpa_B1,gpa_B2,gpa_B3,gpa_B4_7,),0xffffffffff000),0x30),0,4),0x1ff),0x0,0x0,0x0,0x0,),0x8)),0xffffa00200000000),0xc),0x100),0,2),0x0))",
"path-024", "Equal(Sub(Extract(Sub(LShr(Sub(Add(0xffffa00200105000,Mul(CombineMulti(And(Extract(LShr(And(CombineMulti(0x4,gpa_B1,gpa_B2,gpa_B3,gpa_B4_7,),0xffffffffff000),0x30),0,4),0x1ff),0x0,0x0,0x0,0x0,),0x8)),0xffffa00200000000),0xc),0x100),0,2),0x1))",
"path-025", "Equal(Sub(Extract(Sub(LShr(Sub(Add(0xffffa00200105000,Mul(CombineMulti(And(Extract(LShr(And(CombineMulti(0x4,gpa_B1,gpa_B2,gpa_B3,gpa_B4_7,),0xffffffffff000),0x30),0,4),0x1ff),0x0,0x0,0x0,0x0,),0x8)),0xffffa00200000000),0xc),0x100),0,2),0x2))",
"path-026", "Equal(Sub(Extract(ZeroEXT(Extract(Sub(LShr(Sub(Add(0xffffa00200105000,Mul(CombineMulti(And(Extract(LShr(And(CombineMulti(0x4,gpa_B1,gpa_B2,gpa_B3,gpa_B4_7,),0xffffffffff000),0x30),0,4),0x1ff),0x0,0x0,0x0,0x0,),0x8)),0xffffa00200000000),0xc),0x100),0,2)),0,2),0xffffffffffffffff))",
"path-028", "Equal(And(Extract(And(Or(epte,Shl(0x1,0xb)),Not(Shl(0x1,0x34))),1,2),0x8))",
"path-029", "Equal(And(Add(0xffffa00200105000,Mul(CombineMulti(And(Extract(LShr(And(CombineMulti(0x4,gpa_B1,gpa_B2,gpa_B3,gpa_B4_7,),0xffffffffff000),0x30),0,4),0x1ff),0x0,0x0,0x0,0x0,),0x8)),Add(0xffffa00200105000,Mul(CombineMulti(And(Extract(LShr(And(CombineMulti(0x4,gpa_B1,gpa_B2,gpa_B3,gpa_B4_7,),0xffffffffff000),0x30),0,4),0x1ff),0x0,0x0,0x0,0x0,),0x8))))",
"path-030", "Ugt(Extract(Sub(LShr(Sub(Add(0xffffa00200105000,Mul(CombineMulti(And(Extract(LShr(And(CombineMulti(0x4,gpa_B1,gpa_B2,gpa_B3,gpa_B4_7,),0xffffffffff000),0x30),0,4),0x1ff),0x0,0x0,0x0,0x0,),0x8)),0xffffa00200000000),0xc),0x100),0,2),0x5d)",
"path-031", "Equal(Sub(Extract(Sub(LShr(Sub(Add(0xffffa00200105000,Mul(CombineMulti(And(Extract(LShr(And(CombineMulti(0x4,gpa_B1,gpa_B2,gpa_B3,gpa_B4_7,),0xffffffffff000),0x30),0,4),0x1ff),0x0,0x0,0x0,0x0,),0x8)),0xffffa00200000000),0xc),0x100),0,2),0x0))",
"path-032", "Equal(Sub(Extract(Sub(LShr(Sub(Add(0xffffa00200105000,Mul(CombineMulti(And(Extract(LShr(And(CombineMulti(0x4,gpa_B1,gpa_B2,gpa_B3,gpa_B4_7,),0xffffffffff000),0x30),0,4),0x1ff),0x0,0x0,0x0,0x0,),0x8)),0xffffa00200000000),0xc),0x100),0,2),0x1))",
"path-033", "Equal(Sub(Extract(Sub(LShr(Sub(Add(0xffffa00200105000,Mul(CombineMulti(And(Extract(LShr(And(CombineMulti(0x4,gpa_B1,gpa_B2,gpa_B3,gpa_B4_7,),0xffffffffff000),0x30),0,4),0x1ff),0x0,0x0,0x0,0x0,),0x8)),0xffffa00200000000),0xc),0x100),0,2),0x2))",
"path-034", "Equal(Sub(Extract(ZeroEXT(Extract(Sub(LShr(Sub(Add(0xffffa00200105000,Mul(CombineMulti(And(Extract(LShr(And(CombineMulti(0x4,gpa_B1,gpa_B2,gpa_B3,gpa_B4_7,),0xffffffffff000),0x30),0,4),0x1ff),0x0,0x0,0x0,0x0,),0x8)),0xffffa00200000000),0xc),0x100),0,2)),0,2),0xffffffffffffffff))",
"path-036", "Equal(And(Extract(And(Or(epte,Shl(0x1,0xb)),Not(Shl(0x1,0x34))),1,2),0x8))",
"path-037", "Equal(And(Add(0xffffa00200105000,Mul(CombineMulti(And(Extract(LShr(And(CombineMulti(0x4,gpa_B1,gpa_B2,gpa_B3,gpa_B4_7,),0xffffffffff000),0x30),0,4),0x1ff),0x0,0x0,0x0,0x0,),0x8)),Add(0xffffa00200105000,Mul(CombineMulti(And(Extract(LShr(And(CombineMulti(0x4,gpa_B1,gpa_B2,gpa_B3,gpa_B4_7,),0xffffffffff000),0x30),0,4),0x1ff),0x0,0x0,0x0,0x0,),0x8))))",
"path-038", "Ugt(Extract(Sub(LShr(Sub(Add(0xffffa00200105000,Mul(CombineMulti(And(Extract(LShr(And(CombineMulti(0x4,gpa_B1,gpa_B2,gpa_B3,gpa_B4_7,),0xffffffffff000),0x30),0,4),0x1ff),0x0,0x0,0x0,0x0,),0x8)),0xffffa00200000000),0xc),0x100),0,2),0x5d)",
"path-039", "Equal(Sub(Extract(Sub(LShr(Sub(Add(0xffffa00200105000,Mul(CombineMulti(And(Extract(LShr(And(CombineMulti(0x4,gpa_B1,gpa_B2,gpa_B3,gpa_B4_7,),0xffffffffff000),0x30),0,4),0x1ff),0x0,0x0,0x0,0x0,),0x8)),0xffffa00200000000),0xc),0x100),0,2),0x0))",
"path-040", "Equal(Sub(Extract(Sub(LShr(Sub(Add(0xffffa00200105000,Mul(CombineMulti(And(Extract(LShr(And(CombineMulti(0x4,gpa_B1,gpa_B2,gpa_B3,gpa_B4_7,),0xffffffffff000),0x30),0,4),0x1ff),0x0,0x0,0x0,0x0,),0x8)),0xffffa00200000000),0xc),0x100),0,2),0x1))",
"path-041", "Equal(Sub(Extract(Sub(LShr(Sub(Add(0xffffa00200105000,Mul(CombineMulti(And(Extract(LShr(And(CombineMulti(0x4,gpa_B1,gpa_B2,gpa_B3,gpa_B4_7,),0xffffffffff000),0x30),0,4),0x1ff),0x0,0x0,0x0,0x0,),0x8)),0xffffa00200000000),0xc),0x100),0,2),0x2))",
"path-042", "Equal(Sub(Extract(ZeroEXT(Extract(Sub(LShr(Sub(Add(0xffffa00200105000,Mul(CombineMulti(And(Extract(LShr(And(CombineMulti(0x4,gpa_B1,gpa_B2,gpa_B3,gpa_B4_7,),0xffffffffff000),0x30),0,4),0x1ff),0x0,0x0,0x0,0x0,),0x8)),0xffffa00200000000),0xc),0x100),0,2)),0,2),0xffffffffffffffff))",
"path-044", "LNot(Distinct(Sub(And(0x1e00000000002c0,And(Or(epte,Shl(0x1,0xb)),Not(Shl(0x1,0x34)))),0xe0000000000000)))",
"path-045", "Equal(And(Add(0xffffa00200105000,Mul(CombineMulti(And(Extract(LShr(And(CombineMulti(0x4,gpa_B1,gpa_B2,gpa_B3,gpa_B4_7,),0xffffffffff000),0x30),0,4),0x1ff),0x0,0x0,0x0,0x0,),0x8)),Add(0xffffa00200105000,Mul(CombineMulti(And(Extract(LShr(And(CombineMulti(0x4,gpa_B1,gpa_B2,gpa_B3,gpa_B4_7,),0xffffffffff000),0x30),0,4),0x1ff),0x0,0x0,0x0,0x0,),0x8))))",
"path-046", "Ugt(Extract(Sub(LShr(Sub(Add(0xffffa00200105000,Mul(CombineMulti(And(Extract(LShr(And(CombineMulti(0x4,gpa_B1,gpa_B2,gpa_B3,gpa_B4_7,),0xffffffffff000),0x30),0,4),0x1ff),0x0,0x0,0x0,0x0,),0x8)),0xffffa00200000000),0xc),0x100),0,2),0x5d)",
"path-047", "Equal(Sub(Extract(Sub(LShr(Sub(Add(0xffffa00200105000,Mul(CombineMulti(And(Extract(LShr(And(CombineMulti(0x4,gpa_B1,gpa_B2,gpa_B3,gpa_B4_7,),0xffffffffff000),0x30),0,4),0x1ff),0x0,0x0,0x0,0x0,),0x8)),0xffffa00200000000),0xc),0x100),0,2),0x0))",
"path-048", "Equal(Sub(Extract(Sub(LShr(Sub(Add(0xffffa00200105000,Mul(CombineMulti(And(Extract(LShr(And(CombineMulti(0x4,gpa_B1,gpa_B2,gpa_B3,gpa_B4_7,),0xffffffffff000),0x30),0,4),0x1ff),0x0,0x0,0x0,0x0,),0x8)),0xffffa00200000000),0xc),0x100),0,2),0x1))",
"path-049", "Equal(Sub(Extract(Sub(LShr(Sub(Add(0xffffa00200105000,Mul(CombineMulti(And(Extract(LShr(And(CombineMulti(0x4,gpa_B1,gpa_B2,gpa_B3,gpa_B4_7,),0xffffffffff000),0x30),0,4),0x1ff),0x0,0x0,0x0,0x0,),0x8)),0xffffa00200000000),0xc),0x100),0,2),0x2))",
"path-050", "Equal(Sub(Extract(ZeroEXT(Extract(Sub(LShr(Sub(Add(0xffffa00200105000,Mul(CombineMulti(And(Extract(LShr(And(CombineMulti(0x4,gpa_B1,gpa_B2,gpa_B3,gpa_B4_7,),0xffffffffff000),0x30),0,4),0x1ff),0x0,0x0,0x0,0x0,),0x8)),0xffffa00200000000),0xc),0x100),0,2)),0,2),0xffffffffffffffff))",
"path-052", "Equal(And(Add(0xffffa00200105000,Mul(CombineMulti(And(Extract(LShr(And(CombineMulti(0x4,gpa_B1,gpa_B2,gpa_B3,gpa_B4_7,),0xffffffffff000),0x30),0,4),0x1ff),0x0,0x0,0x0,0x0,),0x8)),Add(0xffffa00200105000,Mul(CombineMulti(And(Extract(LShr(And(CombineMulti(0x4,gpa_B1,gpa_B2,gpa_B3,gpa_B4_7,),0xffffffffff000),0x30),0,4),0x1ff),0x0,0x0,0x0,0x0,),0x8))))",
"path-053", "Ugt(Extract(Sub(LShr(Sub(Add(0xffffa00200105000,Mul(CombineMulti(And(Extract(LShr(And(CombineMulti(0x4,gpa_B1,gpa_B2,gpa_B3,gpa_B4_7,),0xffffffffff000),0x30),0,4),0x1ff),0x0,0x0,0x0,0x0,),0x8)),0xffffa00200000000),0xc),0x100),0,2),0x5d)",
"path-054", "Equal(Sub(Extract(Sub(LShr(Sub(Add(0xffffa00200105000,Mul(CombineMulti(And(Extract(LShr(And(CombineMulti(0x4,gpa_B1,gpa_B2,gpa_B3,gpa_B4_7,),0xffffffffff000),0x30),0,4),0x1ff),0x0,0x0,0x0,0x0,),0x8)),0xffffa00200000000),0xc),0x100),0,2),0x0))",
"path-055", "Equal(Sub(Extract(Sub(LShr(Sub(Add(0xffffa00200105000,Mul(CombineMulti(And(Extract(LShr(And(CombineMulti(0x4,gpa_B1,gpa_B2,gpa_B3,gpa_B4_7,),0xffffffffff000),0x30),0,4),0x1ff),0x0,0x0,0x0,0x0,),0x8)),0xffffa00200000000),0xc),0x100),0,2),0x1))",
"path-056", "Equal(Sub(Extract(Sub(LShr(Sub(Add(0xffffa00200105000,Mul(CombineMulti(And(Extract(LShr(And(CombineMulti(0x4,gpa_B1,gpa_B2,gpa_B3,gpa_B4_7,),0xffffffffff000),0x30),0,4),0x1ff),0x0,0x0,0x0,0x0,),0x8)),0xffffa00200000000),0xc),0x100),0,2),0x2))",
"path-057", "Equal(Sub(Extract(ZeroEXT(Extract(Sub(LShr(Sub(Add(0xffffa00200105000,Mul(CombineMulti(And(Extract(LShr(And(CombineMulti(0x4,gpa_B1,gpa_B2,gpa_B3,gpa_B4_7,),0xffffffffff000),0x30),0,4),0x1ff),0x0,0x0,0x0,0x0,),0x8)),0xffffa00200000000),0xc),0x100),0,2)),0,2),0xffffffffffffffff))",
"path-059", "Equal(And(Add(0xffffa00200105000,Mul(CombineMulti(And(Extract(LShr(And(CombineMulti(0x4,gpa_B1,gpa_B2,gpa_B3,gpa_B4_7,),0xffffffffff000),0x30),0,4),0x1ff),0x0,0x0,0x0,0x0,),0x8)),Add(0xffffa00200105000,Mul(CombineMulti(And(Extract(LShr(And(CombineMulti(0x4,gpa_B1,gpa_B2,gpa_B3,gpa_B4_7,),0xffffffffff000),0x30),0,4),0x1ff),0x0,0x0,0x0,0x0,),0x8))))",
"path-060", "Ugt(Extract(Sub(LShr(Sub(Add(0xffffa00200105000,Mul(CombineMulti(And(Extract(LShr(And(CombineMulti(0x4,gpa_B1,gpa_B2,gpa_B3,gpa_B4_7,),0xffffffffff000),0x30),0,4),0x1ff),0x0,0x0,0x0,0x0,),0x8)),0xffffa00200000000),0xc),0x100),0,2),0x5d)",
"path-061", "Equal(Sub(Extract(Sub(LShr(Sub(Add(0xffffa00200105000,Mul(CombineMulti(And(Extract(LShr(And(CombineMulti(0x4,gpa_B1,gpa_B2,gpa_B3,gpa_B4_7,),0xffffffffff000),0x30),0,4),0x1ff),0x0,0x0,0x0,0x0,),0x8)),0xffffa00200000000),0xc),0x100),0,2),0x0))",
"path-062", "Equal(Sub(Extract(Sub(LShr(Sub(Add(0xffffa00200105000,Mul(CombineMulti(And(Extract(LShr(And(CombineMulti(0x4,gpa_B1,gpa_B2,gpa_B3,gpa_B4_7,),0xffffffffff000),0x30),0,4),0x1ff),0x0,0x0,0x0,0x0,),0x8)),0xffffa00200000000),0xc),0x100),0,2),0x1))",
"path-063", "Equal(Sub(Extract(Sub(LShr(Sub(Add(0xffffa00200105000,Mul(CombineMulti(And(Extract(LShr(And(CombineMulti(0x4,gpa_B1,gpa_B2,gpa_B3,gpa_B4_7,),0xffffffffff000),0x30),0,4),0x1ff),0x0,0x0,0x0,0x0,),0x8)),0xffffa00200000000),0xc),0x100),0,2),0x2))",
"path-064", "Equal(Sub(Extract(ZeroEXT(Extract(Sub(LShr(Sub(Add(0xffffa00200105000,Mul(CombineMulti(And(Extract(LShr(And(CombineMulti(0x4,gpa_B1,gpa_B2,gpa_B3,gpa_B4_7,),0xffffffffff000),0x30),0,4),0x1ff),0x0,0x0,0x0,0x0,),0x8)),0xffffa00200000000),0xc),0x100),0,2)),0,2),0xffffffffffffffff))",
"path-066", "Equal(And(Add(0xffffa00200105000,Mul(CombineMulti(And(Extract(LShr(And(CombineMulti(0x4,gpa_B1,gpa_B2,gpa_B3,gpa_B4_7,),0xffffffffff000),0x30),0,4),0x1ff),0x0,0x0,0x0,0x0,),0x8)),Add(0xffffa00200105000,Mul(CombineMulti(And(Extract(LShr(And(CombineMulti(0x4,gpa_B1,gpa_B2,gpa_B3,gpa_B4_7,),0xffffffffff000),0x30),0,4),0x1ff),0x0,0x0,0x0,0x0,),0x8))))",
"path-067", "Ugt(Extract(Sub(LShr(Sub(Add(0xffffa00200105000,Mul(CombineMulti(And(Extract(LShr(And(CombineMulti(0x4,gpa_B1,gpa_B2,gpa_B3,gpa_B4_7,),0xffffffffff000),0x30),0,4),0x1ff),0x0,0x0,0x0,0x0,),0x8)),0xffffa00200000000),0xc),0x100),0,2),0x5d)",
"path-068", "Equal(Sub(Extract(Sub(LShr(Sub(Add(0xffffa00200105000,Mul(CombineMulti(And(Extract(LShr(And(CombineMulti(0x4,gpa_B1,gpa_B2,gpa_B3,gpa_B4_7,),0xffffffffff000),0x30),0,4),0x1ff),0x0,0x0,0x0,0x0,),0x8)),0xffffa00200000000),0xc),0x100),0,2),0x0))",
"path-069", "Equal(Sub(Extract(Sub(LShr(Sub(Add(0xffffa00200105000,Mul(CombineMulti(And(Extract(LShr(And(CombineMulti(0x4,gpa_B1,gpa_B2,gpa_B3,gpa_B4_7,),0xffffffffff000),0x30),0,4),0x1ff),0x0,0x0,0x0,0x0,),0x8)),0xffffa00200000000),0xc),0x100),0,2),0x1))",
"path-070", "Equal(Sub(Extract(Sub(LShr(Sub(Add(0xffffa00200105000,Mul(CombineMulti(And(Extract(LShr(And(CombineMulti(0x4,gpa_B1,gpa_B2,gpa_B3,gpa_B4_7,),0xffffffffff000),0x30),0,4),0x1ff),0x0,0x0,0x0,0x0,),0x8)),0xffffa00200000000),0xc),0x100),0,2),0x2))",
"path-071", "Equal(Sub(Extract(ZeroEXT(Extract(Sub(LShr(Sub(Add(0xffffa00200105000,Mul(CombineMulti(And(Extract(LShr(And(CombineMulti(0x4,gpa_B1,gpa_B2,gpa_B3,gpa_B4_7,),0xffffffffff000),0x30),0,4),0x1ff),0x0,0x0,0x0,0x0,),0x8)),0xffffa00200000000),0xc),0x100),0,2)),0,2),0xffffffffffffffff))",
"path-073", "LNot(Equal(Sub(0x4,And(CombineMulti(0x4,gpa_B1,gpa_B2,gpa_B3,),0x7))))",
"path-074", "LNot(Equal(Sub(And(CombineMulti(0x4,gpa_B1,gpa_B2,gpa_B3,),0x7),0x4)))",
"path-075", "Uge(And(CombineMulti(0x4,gpa_B1,gpa_B2,gpa_B3,),0x7),0x5)",
"path-076", "Equal(And(Extract(And(Or(epte,Shl(0x1,0xb)),Not(Shl(0x1,0x34))),1,2),0x8))",
"path-077", "Equal(And(Add(0xffffa00200105000,Mul(CombineMulti(And(Extract(LShr(And(CombineMulti(0x4,gpa_B1,gpa_B2,gpa_B3,gpa_B4_7,),0xffffffffff000),0x30),0,4),0x1ff),0x0,0x0,0x0,0x0,),0x8)),Add(0xffffa00200105000,Mul(CombineMulti(And(Extract(LShr(And(CombineMulti(0x4,gpa_B1,gpa_B2,gpa_B3,gpa_B4_7,),0xffffffffff000),0x30),0,4),0x1ff),0x0,0x0,0x0,0x0,),0x8))))",
"path-078", "Ugt(Extract(Sub(LShr(Sub(Add(0xffffa00200105000,Mul(CombineMulti(And(Extract(LShr(And(CombineMulti(0x4,gpa_B1,gpa_B2,gpa_B3,gpa_B4_7,),0xffffffffff000),0x30),0,4),0x1ff),0x0,0x0,0x0,0x0,),0x8)),0xffffa00200000000),0xc),0x100),0,2),0x5d)",
"path-079", "Equal(Sub(Extract(Sub(LShr(Sub(Add(0xffffa00200105000,Mul(CombineMulti(And(Extract(LShr(And(CombineMulti(0x4,gpa_B1,gpa_B2,gpa_B3,gpa_B4_7,),0xffffffffff000),0x30),0,4),0x1ff),0x0,0x0,0x0,0x0,),0x8)),0xffffa00200000000),0xc),0x100),0,2),0x0))",
"path-080", "Equal(Sub(Extract(Sub(LShr(Sub(Add(0xffffa00200105000,Mul(CombineMulti(And(Extract(LShr(And(CombineMulti(0x4,gpa_B1,gpa_B2,gpa_B3,gpa_B4_7,),0xffffffffff000),0x30),0,4),0x1ff),0x0,0x0,0x0,0x0,),0x8)),0xffffa00200000000),0xc),0x100),0,2),0x1))",
"path-081", "Equal(Sub(Extract(Sub(LShr(Sub(Add(0xffffa00200105000,Mul(CombineMulti(And(Extract(LShr(And(CombineMulti(0x4,gpa_B1,gpa_B2,gpa_B3,gpa_B4_7,),0xffffffffff000),0x30),0,4),0x1ff),0x0,0x0,0x0,0x0,),0x8)),0xffffa00200000000),0xc),0x100),0,2),0x2))",
"path-082", "Equal(Sub(Extract(ZeroEXT(Extract(Sub(LShr(Sub(Add(0xffffa00200105000,Mul(CombineMulti(And(Extract(LShr(And(CombineMulti(0x4,gpa_B1,gpa_B2,gpa_B3,gpa_B4_7,),0xffffffffff000),0x30),0,4),0x1ff),0x0,0x0,0x0,0x0,),0x8)),0xffffa00200000000),0xc),0x100),0,2)),0,2),0xffffffffffffffff))",
"path-084", "Equal(And(Extract(And(Or(epte,Shl(0x1,0xb)),Not(Shl(0x1,0x34))),1,2),0x8))",
"path-085", "Equal(And(Add(0xffffa00200105000,Mul(CombineMulti(And(Extract(LShr(And(CombineMulti(0x4,gpa_B1,gpa_B2,gpa_B3,gpa_B4_7,),0xffffffffff000),0x30),0,4),0x1ff),0x0,0x0,0x0,0x0,),0x8)),Add(0xffffa00200105000,Mul(CombineMulti(And(Extract(LShr(And(CombineMulti(0x4,gpa_B1,gpa_B2,gpa_B3,gpa_B4_7,),0xffffffffff000),0x30),0,4),0x1ff),0x0,0x0,0x0,0x0,),0x8))))",
"path-086", "Ugt(Extract(Sub(LShr(Sub(Add(0xffffa00200105000,Mul(CombineMulti(And(Extract(LShr(And(CombineMulti(0x4,gpa_B1,gpa_B2,gpa_B3,gpa_B4_7,),0xffffffffff000),0x30),0,4),0x1ff),0x0,0x0,0x0,0x0,),0x8)),0xffffa00200000000),0xc),0x100),0,2),0x5d)",
"path-087", "Equal(Sub(Extract(Sub(LShr(Sub(Add(0xffffa00200105000,Mul(CombineMulti(And(Extract(LShr(And(CombineMulti(0x4,gpa_B1,gpa_B2,gpa_B3,gpa_B4_7,),0xffffffffff000),0x30),0,4),0x1ff),0x0,0x0,0x0,0x0,),0x8)),0xffffa00200000000),0xc),0x100),0,2),0x0))",
"path-088", "Equal(Sub(Extract(Sub(LShr(Sub(Add(0xffffa00200105000,Mul(CombineMulti(And(Extract(LShr(And(CombineMulti(0x4,gpa_B1,gpa_B2,gpa_B3,gpa_B4_7,),0xffffffffff000),0x30),0,4),0x1ff),0x0,0x0,0x0,0x0,),0x8)),0xffffa00200000000),0xc),0x100),0,2),0x1))",
"path-089", "Equal(Sub(Extract(Sub(LShr(Sub(Add(0xffffa00200105000,Mul(CombineMulti(And(Extract(LShr(And(CombineMulti(0x4,gpa_B1,gpa_B2,gpa_B3,gpa_B4_7,),0xffffffffff000),0x30),0,4),0x1ff),0x0,0x0,0x0,0x0,),0x8)),0xffffa00200000000),0xc),0x100),0,2),0x2))",
"path-090", "Equal(Sub(Extract(ZeroEXT(Extract(Sub(LShr(Sub(Add(0xffffa00200105000,Mul(CombineMulti(And(Extract(LShr(And(CombineMulti(0x4,gpa_B1,gpa_B2,gpa_B3,gpa_B4_7,),0xffffffffff000),0x30),0,4),0x1ff),0x0,0x0,0x0,0x0,),0x8)),0xffffa00200000000),0xc),0x100),0,2)),0,2),0xffffffffffffffff))",
"path-092", "Equal(And(Extract(And(Or(epte,Shl(0x1,0xb)),Not(Shl(0x1,0x34))),1,2),0x8))",
"path-093", "Equal(And(Add(0xffffa00200105000,Mul(CombineMulti(And(Extract(LShr(And(CombineMulti(0x4,gpa_B1,gpa_B2,gpa_B3,gpa_B4_7,),0xffffffffff000),0x30),0,4),0x1ff),0x0,0x0,0x0,0x0,),0x8)),Add(0xffffa00200105000,Mul(CombineMulti(And(Extract(LShr(And(CombineMulti(0x4,gpa_B1,gpa_B2,gpa_B3,gpa_B4_7,),0xffffffffff000),0x30),0,4),0x1ff),0x0,0x0,0x0,0x0,),0x8))))",
"path-094", "Ugt(Extract(Sub(LShr(Sub(Add(0xffffa00200105000,Mul(CombineMulti(And(Extract(LShr(And(CombineMulti(0x4,gpa_B1,gpa_B2,gpa_B3,gpa_B4_7,),0xffffffffff000),0x30),0,4),0x1ff),0x0,0x0,0x0,0x0,),0x8)),0xffffa00200000000),0xc),0x100),0,2),0x5d)",
"path-095", "Equal(Sub(Extract(Sub(LShr(Sub(Add(0xffffa00200105000,Mul(CombineMulti(And(Extract(LShr(And(CombineMulti(0x4,gpa_B1,gpa_B2,gpa_B3,gpa_B4_7,),0xffffffffff000),0x30),0,4),0x1ff),0x0,0x0,0x0,0x0,),0x8)),0xffffa00200000000),0xc),0x100),0,2),0x0))",
"path-096", "Equal(Sub(Extract(Sub(LShr(Sub(Add(0xffffa00200105000,Mul(CombineMulti(And(Extract(LShr(And(CombineMulti(0x4,gpa_B1,gpa_B2,gpa_B3,gpa_B4_7,),0xffffffffff000),0x30),0,4),0x1ff),0x0,0x0,0x0,0x0,),0x8)),0xffffa00200000000),0xc),0x100),0,2),0x1))",
"path-097", "Equal(Sub(Extract(Sub(LShr(Sub(Add(0xffffa00200105000,Mul(CombineMulti(And(Extract(LShr(And(CombineMulti(0x4,gpa_B1,gpa_B2,gpa_B3,gpa_B4_7,),0xffffffffff000),0x30),0,4),0x1ff),0x0,0x0,0x0,0x0,),0x8)),0xffffa00200000000),0xc),0x100),0,2),0x2))",
"path-098", "Equal(Sub(Extract(ZeroEXT(Extract(Sub(LShr(Sub(Add(0xffffa00200105000,Mul(CombineMulti(And(Extract(LShr(And(CombineMulti(0x4,gpa_B1,gpa_B2,gpa_B3,gpa_B4_7,),0xffffffffff000),0x30),0,4),0x1ff),0x0,0x0,0x0,0x0,),0x8)),0xffffa00200000000),0xc),0x100),0,2)),0,2),0xffffffffffffffff))",
"path-100", "Equal(And(Extract(And(Or(epte,Shl(0x1,0xb)),Not(Shl(0x1,0x34))),1,2),0x8))",
"path-101", "Equal(And(Add(0xffffa00200105000,Mul(CombineMulti(And(Extract(LShr(And(CombineMulti(0x4,gpa_B1,gpa_B2,gpa_B3,gpa_B4_7,),0xffffffffff000),0x30),0,4),0x1ff),0x0,0x0,0x0,0x0,),0x8)),Add(0xffffa00200105000,Mul(CombineMulti(And(Extract(LShr(And(CombineMulti(0x4,gpa_B1,gpa_B2,gpa_B3,gpa_B4_7,),0xffffffffff000),0x30),0,4),0x1ff),0x0,0x0,0x0,0x0,),0x8))))",
"path-102", "Ugt(Extract(Sub(LShr(Sub(Add(0xffffa00200105000,Mul(CombineMulti(And(Extract(LShr(And(CombineMulti(0x4,gpa_B1,gpa_B2,gpa_B3,gpa_B4_7,),0xffffffffff000),0x30),0,4),0x1ff),0x0,0x0,0x0,0x0,),0x8)),0xffffa00200000000),0xc),0x100),0,2),0x5d)",
"path-103", "Equal(Sub(Extract(Sub(LShr(Sub(Add(0xffffa00200105000,Mul(CombineMulti(And(Extract(LShr(And(CombineMulti(0x4,gpa_B1,gpa_B2,gpa_B3,gpa_B4_7,),0xffffffffff000),0x30),0,4),0x1ff),0x0,0x0,0x0,0x0,),0x8)),0xffffa00200000000),0xc),0x100),0,2),0x0))",
"path-104", "Equal(Sub(Extract(Sub(LShr(Sub(Add(0xffffa00200105000,Mul(CombineMulti(And(Extract(LShr(And(CombineMulti(0x4,gpa_B1,gpa_B2,gpa_B3,gpa_B4_7,),0xffffffffff000),0x30),0,4),0x1ff),0x0,0x0,0x0,0x0,),0x8)),0xffffa00200000000),0xc),0x100),0,2),0x1))",
"path-105", "Equal(Sub(Extract(Sub(LShr(Sub(Add(0xffffa00200105000,Mul(CombineMulti(And(Extract(LShr(And(CombineMulti(0x4,gpa_B1,gpa_B2,gpa_B3,gpa_B4_7,),0xffffffffff000),0x30),0,4),0x1ff),0x0,0x0,0x0,0x0,),0x8)),0xffffa00200000000),0xc),0x100),0,2),0x2))",
"path-106", "Equal(Sub(Extract(ZeroEXT(Extract(Sub(LShr(Sub(Add(0xffffa00200105000,Mul(CombineMulti(And(Extract(LShr(And(CombineMulti(0x4,gpa_B1,gpa_B2,gpa_B3,gpa_B4_7,),0xffffffffff000),0x30),0,4),0x1ff),0x0,0x0,0x0,0x0,),0x8)),0xffffa00200000000),0xc),0x100),0,2)),0,2),0xffffffffffffffff))",
"path-108", "Equal(And(Extract(And(Or(epte,Shl(0x1,0xb)),Not(Shl(0x1,0x34))),1,2),0x8))",
"path-109", "Equal(And(Add(0xffffa00200105000,Mul(CombineMulti(And(Extract(LShr(And(CombineMulti(0x4,gpa_B1,gpa_B2,gpa_B3,gpa_B4_7,),0xffffffffff000),0x30),0,4),0x1ff),0x0,0x0,0x0,0x0,),0x8)),Add(0xffffa00200105000,Mul(CombineMulti(And(Extract(LShr(And(CombineMulti(0x4,gpa_B1,gpa_B2,gpa_B3,gpa_B4_7,),0xffffffffff000),0x30),0,4),0x1ff),0x0,0x0,0x0,0x0,),0x8))))",
"path-110", "Ugt(Extract(Sub(LShr(Sub(Add(0xffffa00200105000,Mul(CombineMulti(And(Extract(LShr(And(CombineMulti(0x4,gpa_B1,gpa_B2,gpa_B3,gpa_B4_7,),0xffffffffff000),0x30),0,4),0x1ff),0x0,0x0,0x0,0x0,),0x8)),0xffffa00200000000),0xc),0x100),0,2),0x5d)",
"path-111", "Equal(Sub(Extract(Sub(LShr(Sub(Add(0xffffa00200105000,Mul(CombineMulti(And(Extract(LShr(And(CombineMulti(0x4,gpa_B1,gpa_B2,gpa_B3,gpa_B4_7,),0xffffffffff000),0x30),0,4),0x1ff),0x0,0x0,0x0,0x0,),0x8)),0xffffa00200000000),0xc),0x100),0,2),0x0))",
"path-112", "Equal(Sub(Extract(Sub(LShr(Sub(Add(0xffffa00200105000,Mul(CombineMulti(And(Extract(LShr(And(CombineMulti(0x4,gpa_B1,gpa_B2,gpa_B3,gpa_B4_7,),0xffffffffff000),0x30),0,4),0x1ff),0x0,0x0,0x0,0x0,),0x8)),0xffffa00200000000),0xc),0x100),0,2),0x1))",
"path-113", "Equal(Sub(Extract(Sub(LShr(Sub(Add(0xffffa00200105000,Mul(CombineMulti(And(Extract(LShr(And(CombineMulti(0x4,gpa_B1,gpa_B2,gpa_B3,gpa_B4_7,),0xffffffffff000),0x30),0,4),0x1ff),0x0,0x0,0x0,0x0,),0x8)),0xffffa00200000000),0xc),0x100),0,2),0x2))",
"path-114", "Equal(Sub(Extract(ZeroEXT(Extract(Sub(LShr(Sub(Add(0xffffa00200105000,Mul(CombineMulti(And(Extract(LShr(And(CombineMulti(0x4,gpa_B1,gpa_B2,gpa_B3,gpa_B4_7,),0xffffffffff000),0x30),0,4),0x1ff),0x0,0x0,0x0,0x0,),0x8)),0xffffa00200000000),0xc),0x100),0,2)),0,2),0xffffffffffffffff))",
"path-116", "LNot(Distinct(Sub(And(0x1e00000000002c0,And(Or(epte,Shl(0x1,0xb)),Not(Shl(0x1,0x34)))),0xe0000000000000)))",
"path-117", "Equal(And(Add(0xffffa00200105000,Mul(CombineMulti(And(Extract(LShr(And(CombineMulti(0x4,gpa_B1,gpa_B2,gpa_B3,gpa_B4_7,),0xffffffffff000),0x30),0,4),0x1ff),0x0,0x0,0x0,0x0,),0x8)),Add(0xffffa00200105000,Mul(CombineMulti(And(Extract(LShr(And(CombineMulti(0x4,gpa_B1,gpa_B2,gpa_B3,gpa_B4_7,),0xffffffffff000),0x30),0,4),0x1ff),0x0,0x0,0x0,0x0,),0x8))))",
"path-118", "Ugt(Extract(Sub(LShr(Sub(Add(0xffffa00200105000,Mul(CombineMulti(And(Extract(LShr(And(CombineMulti(0x4,gpa_B1,gpa_B2,gpa_B3,gpa_B4_7,),0xffffffffff000),0x30),0,4),0x1ff),0x0,0x0,0x0,0x0,),0x8)),0xffffa00200000000),0xc),0x100),0,2),0x5d)",
"path-119", "Equal(Sub(Extract(Sub(LShr(Sub(Add(0xffffa00200105000,Mul(CombineMulti(And(Extract(LShr(And(CombineMulti(0x4,gpa_B1,gpa_B2,gpa_B3,gpa_B4_7,),0xffffffffff000),0x30),0,4),0x1ff),0x0,0x0,0x0,0x0,),0x8)),0xffffa00200000000),0xc),0x100),0,2),0x0))",
"path-120", "Equal(Sub(Extract(Sub(LShr(Sub(Add(0xffffa00200105000,Mul(CombineMulti(And(Extract(LShr(And(CombineMulti(0x4,gpa_B1,gpa_B2,gpa_B3,gpa_B4_7,),0xffffffffff000),0x30),0,4),0x1ff),0x0,0x0,0x0,0x0,),0x8)),0xffffa00200000000),0xc),0x100),0,2),0x1))",
"path-121", "Equal(Sub(Extract(Sub(LShr(Sub(Add(0xffffa00200105000,Mul(CombineMulti(And(Extract(LShr(And(CombineMulti(0x4,gpa_B1,gpa_B2,gpa_B3,gpa_B4_7,),0xffffffffff000),0x30),0,4),0x1ff),0x0,0x0,0x0,0x0,),0x8)),0xffffa00200000000),0xc),0x100),0,2),0x2))",
"path-122", "Equal(Sub(Extract(ZeroEXT(Extract(Sub(LShr(Sub(Add(0xffffa00200105000,Mul(CombineMulti(And(Extract(LShr(And(CombineMulti(0x4,gpa_B1,gpa_B2,gpa_B3,gpa_B4_7,),0xffffffffff000),0x30),0,4),0x1ff),0x0,0x0,0x0,0x0,),0x8)),0xffffa00200000000),0xc),0x100),0,2)),0,2),0xffffffffffffffff))",
"path-124", "Equal(And(Add(0xffffa00200105000,Mul(CombineMulti(And(Extract(LShr(And(CombineMulti(0x4,gpa_B1,gpa_B2,gpa_B3,gpa_B4_7,),0xffffffffff000),0x30),0,4),0x1ff),0x0,0x0,0x0,0x0,),0x8)),Add(0xffffa00200105000,Mul(CombineMulti(And(Extract(LShr(And(CombineMulti(0x4,gpa_B1,gpa_B2,gpa_B3,gpa_B4_7,),0xffffffffff000),0x30),0,4),0x1ff),0x0,0x0,0x0,0x0,),0x8))))",
"path-125", "Ugt(Extract(Sub(LShr(Sub(Add(0xffffa00200105000,Mul(CombineMulti(And(Extract(LShr(And(CombineMulti(0x4,gpa_B1,gpa_B2,gpa_B3,gpa_B4_7,),0xffffffffff000),0x30),0,4),0x1ff),0x0,0x0,0x0,0x0,),0x8)),0xffffa00200000000),0xc),0x100),0,2),0x5d)",
"path-126", "Equal(Sub(Extract(Sub(LShr(Sub(Add(0xffffa00200105000,Mul(CombineMulti(And(Extract(LShr(And(CombineMulti(0x4,gpa_B1,gpa_B2,gpa_B3,gpa_B4_7,),0xffffffffff000),0x30),0,4),0x1ff),0x0,0x0,0x0,0x0,),0x8)),0xffffa00200000000),0xc),0x100),0,2),0x0))",
"path-127", "Equal(Sub(Extract(Sub(LShr(Sub(Add(0xffffa00200105000,Mul(CombineMulti(And(Extract(LShr(And(CombineMulti(0x4,gpa_B1,gpa_B2,gpa_B3,gpa_B4_7,),0xffffffffff000),0x30),0,4),0x1ff),0x0,0x0,0x0,0x0,),0x8)),0xffffa00200000000),0xc),0x100),0,2),0x1))",
"path-128", "Equal(Sub(Extract(Sub(LShr(Sub(Add(0xffffa00200105000,Mul(CombineMulti(And(Extract(LShr(And(CombineMulti(0x4,gpa_B1,gpa_B2,gpa_B3,gpa_B4_7,),0xffffffffff000),0x30),0,4),0x1ff),0x0,0x0,0x0,0x0,),0x8)),0xffffa00200000000),0xc),0x100),0,2),0x2))",
"path-129", "Equal(Sub(Extract(ZeroEXT(Extract(Sub(LShr(Sub(Add(0xffffa00200105000,Mul(CombineMulti(And(Extract(LShr(And(CombineMulti(0x4,gpa_B1,gpa_B2,gpa_B3,gpa_B4_7,),0xffffffffff000),0x30),0,4),0x1ff),0x0,0x0,0x0,0x0,),0x8)),0xffffa00200000000),0xc),0x100),0,2)),0,2),0xffffffffffffffff))",
"path-131", "Equal(And(Add(0xffffa00200105000,Mul(CombineMulti(And(Extract(LShr(And(CombineMulti(0x4,gpa_B1,gpa_B2,gpa_B3,gpa_B4_7,),0xffffffffff000),0x30),0,4),0x1ff),0x0,0x0,0x0,0x0,),0x8)),Add(0xffffa00200105000,Mul(CombineMulti(And(Extract(LShr(And(CombineMulti(0x4,gpa_B1,gpa_B2,gpa_B3,gpa_B4_7,),0xffffffffff000),0x30),0,4),0x1ff),0x0,0x0,0x0,0x0,),0x8))))",
"path-132", "Ugt(Extract(Sub(LShr(Sub(Add(0xffffa00200105000,Mul(CombineMulti(And(Extract(LShr(And(CombineMulti(0x4,gpa_B1,gpa_B2,gpa_B3,gpa_B4_7,),0xffffffffff000),0x30),0,4),0x1ff),0x0,0x0,0x0,0x0,),0x8)),0xffffa00200000000),0xc),0x100),0,2),0x5d)",
"path-133", "Equal(Sub(Extract(Sub(LShr(Sub(Add(0xffffa00200105000,Mul(CombineMulti(And(Extract(LShr(And(CombineMulti(0x4,gpa_B1,gpa_B2,gpa_B3,gpa_B4_7,),0xffffffffff000),0x30),0,4),0x1ff),0x0,0x0,0x0,0x0,),0x8)),0xffffa00200000000),0xc),0x100),0,2),0x0))",
"path-134", "Equal(Sub(Extract(Sub(LShr(Sub(Add(0xffffa00200105000,Mul(CombineMulti(And(Extract(LShr(And(CombineMulti(0x4,gpa_B1,gpa_B2,gpa_B3,gpa_B4_7,),0xffffffffff000),0x30),0,4),0x1ff),0x0,0x0,0x0,0x0,),0x8)),0xffffa00200000000),0xc),0x100),0,2),0x1))",
"path-135", "Equal(Sub(Extract(Sub(LShr(Sub(Add(0xffffa00200105000,Mul(CombineMulti(And(Extract(LShr(And(CombineMulti(0x4,gpa_B1,gpa_B2,gpa_B3,gpa_B4_7,),0xffffffffff000),0x30),0,4),0x1ff),0x0,0x0,0x0,0x0,),0x8)),0xffffa00200000000),0xc),0x100),0,2),0x2))",
"path-136", "Equal(Sub(Extract(ZeroEXT(Extract(Sub(LShr(Sub(Add(0xffffa00200105000,Mul(CombineMulti(And(Extract(LShr(And(CombineMulti(0x4,gpa_B1,gpa_B2,gpa_B3,gpa_B4_7,),0xffffffffff000),0x30),0,4),0x1ff),0x0,0x0,0x0,0x0,),0x8)),0xffffa00200000000),0xc),0x100),0,2)),0,2),0xffffffffffffffff))",
"path-138", "Equal(And(Add(0xffffa00200105000,Mul(CombineMulti(And(Extract(LShr(And(CombineMulti(0x4,gpa_B1,gpa_B2,gpa_B3,gpa_B4_7,),0xffffffffff000),0x30),0,4),0x1ff),0x0,0x0,0x0,0x0,),0x8)),Add(0xffffa00200105000,Mul(CombineMulti(And(Extract(LShr(And(CombineMulti(0x4,gpa_B1,gpa_B2,gpa_B3,gpa_B4_7,),0xffffffffff000),0x30),0,4),0x1ff),0x0,0x0,0x0,0x0,),0x8))))",
"path-139", "Ugt(Extract(Sub(LShr(Sub(Add(0xffffa00200105000,Mul(CombineMulti(And(Extract(LShr(And(CombineMulti(0x4,gpa_B1,gpa_B2,gpa_B3,gpa_B4_7,),0xffffffffff000),0x30),0,4),0x1ff),0x0,0x0,0x0,0x0,),0x8)),0xffffa00200000000),0xc),0x100),0,2),0x5d)",
"path-140", "Equal(Sub(Extract(Sub(LShr(Sub(Add(0xffffa00200105000,Mul(CombineMulti(And(Extract(LShr(And(CombineMulti(0x4,gpa_B1,gpa_B2,gpa_B3,gpa_B4_7,),0xffffffffff000),0x30),0,4),0x1ff),0x0,0x0,0x0,0x0,),0x8)),0xffffa00200000000),0xc),0x100),0,2),0x0))",
"path-141", "Equal(Sub(Extract(Sub(LShr(Sub(Add(0xffffa00200105000,Mul(CombineMulti(And(Extract(LShr(And(CombineMulti(0x4,gpa_B1,gpa_B2,gpa_B3,gpa_B4_7,),0xffffffffff000),0x30),0,4),0x1ff),0x0,0x0,0x0,0x0,),0x8)),0xffffa00200000000),0xc),0x100),0,2),0x1))",
"path-142", "Equal(Sub(Extract(Sub(LShr(Sub(Add(0xffffa00200105000,Mul(CombineMulti(And(Extract(LShr(And(CombineMulti(0x4,gpa_B1,gpa_B2,gpa_B3,gpa_B4_7,),0xffffffffff000),0x30),0,4),0x1ff),0x0,0x0,0x0,0x0,),0x8)),0xffffa00200000000),0xc),0x100),0,2),0x2))",
"path-143", "Equal(Sub(Extract(ZeroEXT(Extract(Sub(LShr(Sub(Add(0xffffa00200105000,Mul(CombineMulti(And(Extract(LShr(And(CombineMulti(0x4,gpa_B1,gpa_B2,gpa_B3,gpa_B4_7,),0xffffffffff000),0x30),0,4),0x1ff),0x0,0x0,0x0,0x0,),0x8)),0xffffa00200000000),0xc),0x100),0,2)),0,2),0xffffffffffffffff))",
"path-145", "LNot(Equal(Sub(0x4,And(CombineMulti(0x4,gpa_B1,gpa_B2,gpa_B3,),0x7))))",
"path-146", "LNot(Equal(Sub(And(CombineMulti(0x4,gpa_B1,gpa_B2,gpa_B3,),0x7),0x4)))",
